[node65:44204] *** Process received signal ***
[node65:44204] Signal: Segmentation fault (11)
[node65:44204] Signal code: Address not mapped (1)
[node65:44204] Failing at address: (nil)
[node66:50983] *** Process received signal ***
[node66:50983] Signal: Segmentation fault (11)
[node66:50983] Signal code: Address not mapped (1)
[node66:50983] Failing at address: (nil)
[node65:44204] [ 0] /lib64/libpthread.so.0(+0xf710) [0x7fee75811710]
[node65:44204] [ 1] /lib64/libc.so.6(memcpy+0x49) [0x7fee754f76b9]
[node65:44204] [ 2] ./subset_createv(member_store+0x8dd) [0x406c02]
[node65:44204] [ 3] ./subset_createv(Fenix_Data_member_store+0x29) [0x40cfa6]
[node65:44204] [ 4] ./subset_createv(main+0x3c8) [0x403dce]
[node65:44204] [ 5] /lib64/libc.so.6(__libc_start_main+0xfd) [0x7fee7548cd5d]
[node65:44204] [ 6] ./subset_createv() [0x4038c9]
[node65:44204] *** End of error message ***
[node66:50983] [ 0] /lib64/libpthread.so.0(+0xf710) [0x7fb0b0942710]
[node66:50983] [ 1] /lib64/libc.so.6(memcpy+0x49) [0x7fb0b06286b9]
[node66:50983] [ 2] ./subset_createv(member_store+0x8dd) [0x406c02]
[node66:50983] [ 3] ./subset_createv(Fenix_Data_member_store+0x29) [0x40cfa6]
[node66:50983] [ 4] ./subset_createv(main+0x38e) [0x403d94]
[node66:50983] [ 5] /lib64/libc.so.6(__libc_start_main+0xfd) [0x7fb0b05bdd5d]
[node66:50983] [ 6] ./subset_createv() [0x4038c9]
[node66:50983] *** End of error message ***
/home/evalen/public/Fenix/src/data_recovery.c: 2228: join_group(): ERROR ranks did not agree on g-timestamp: 1
/home/evalen/public/Fenix/src/data_recovery.c: 2228: join_group(): ERROR ranks did not agree on g-timestamp: 2
/home/evalen/public/Fenix/src/data_recovery.c: 2228: join_group(): ERROR ranks did not agree on g-timestamp: 2
/home/evalen/public/Fenix/src/data_recovery.c: 2228: join_group(): ERROR ranks did not agree on g-timestamp: 1
/home/evalen/public/Fenix/src/data_recovery.c: 2228: join_group(): ERROR ranks did not agree on g-timestamp: 1
[node66:50982] *** Process received signal ***
[node66:50982] Signal: Segmentation fault (11)
[node66:50982] Signal code: Address not mapped (1)
[node66:50982] Failing at address: (nil)
[node66:50982] [ 0] /lib64/libpthread.so.0(+0xf710) [0x7ff0b76d3710]
[node66:50982] [ 1] /lib64/libc.so.6(memcpy+0x49) [0x7ff0b73b96b9]
[node66:50982] [ 2] ./subset_createv(member_store+0x8dd) [0x406c02]
[node66:50982] [ 3] ./subset_createv(Fenix_Data_member_store+0x29) [0x40cfa6]
[node66:50982] [ 4] ./subset_createv(main+0x38e) [0x403d94]
[node66:50982] [ 5] /lib64/libc.so.6(__libc_start_main+0xfd) [0x7ff0b734ed5d]
[node66:50982] [ 6] ./subset_createv() [0x4038c9]
[node66:50982] *** End of error message ***
/home/evalen/public/Fenix/src/data_recovery.c: 2228: join_group(): ERROR ranks did not agree on g-timestamp: 1
/home/evalen/public/Fenix/src/data_recovery.c: 2228: join_group(): ERROR ranks did not agree on g-timestamp: 2
[node65:44207] *** Process received signal ***
[node65:44207] Signal: Segmentation fault (11)
[node65:44207] Signal code: Address not mapped (1)
[node65:44207] Failing at address: (nil)
/home/evalen/public/Fenix/src/data_recovery.c: 2228: join_group(): ERROR ranks did not agree on g-timestamp: 1
/home/evalen/public/Fenix/src/data_recovery.c: 2228: join_group(): ERROR ranks did not agree on g-timestamp: 1
[node65:44207] [ 0] /lib64/libpthread.so.0(+0xf710) [0x7fdfae642710]
[node65:44207] [ 1] /lib64/libc.so.6(memcpy+0x49) [0x7fdfae3286b9]
[node65:44207] [ 2] ./subset_createv(member_store+0x8dd) [0x406c02]
[node65:44207] [ 3] ./subset_createv(Fenix_Data_member_store+0x29) [0x40cfa6]
[node65:44207] [ 4] ./subset_createv(main+0x38e) [0x403d94]
[node65:44207] [ 5] /lib64/libc.so.6(__libc_start_main+0xfd) [0x7fdfae2bdd5d]
[node65:44207] [ 6] ./subset_createv() [0x4038c9]
[node65:44207] *** End of error message ***
/home/evalen/public/Fenix/src/data_recovery.c: 2228: join_group(): ERROR ranks did not agree on g-timestamp: 2
[node65:44205] *** Process received signal ***
[node65:44205] Signal: Segmentation fault (11)
[node65:44205] Signal code: Address not mapped (1)
[node65:44205] Failing at address: (nil)
/home/evalen/public/Fenix/src/data_recovery.c: 2228: join_group(): ERROR ranks did not agree on g-timestamp: 1
/home/evalen/public/Fenix/src/data_recovery.c: 2228: join_group(): ERROR ranks did not agree on g-timestamp: 1
[node65:44205] [ 0] /lib64/libpthread.so.0(+0xf710) [0x7f3937dcf710]
[node65:44205] [ 1] /lib64/libc.so.6(memcpy+0x49) [0x7f3937ab56b9]
[node65:44205] [ 2] ./subset_createv(member_store+0x8dd) [0x406c02]
[node65:44205] [ 3] ./subset_createv(Fenix_Data_member_store+0x29) [0x40cfa6]
[node65:44205] [ 4] ./subset_createv(main+0x38e) [0x403d94]
[node65:44205] [ 5] /lib64/libc.so.6(__libc_start_main+0xfd) [0x7f3937a4ad5d]
[node65:44205] [ 6] ./subset_createv() [0x4038c9]
[node65:44205] *** End of error message ***
[node66:50981] *** Process received signal ***
[node66:50981] Signal: Segmentation fault (11)
[node66:50981] Signal code: Address not mapped (1)
[node66:50981] Failing at address: (nil)
[node66:50981] [ 0] /lib64/libpthread.so.0(+0xf710) [0x7f86c9d10710]
[node66:50981] [ 1] /lib64/libc.so.6(memcpy+0x49) [0x7f86c99f66b9]
[node66:50981] [ 2] ./subset_createv(member_store+0x8dd) [0x406c02]
[node66:50981] [ 3] ./subset_createv(Fenix_Data_member_store+0x29) [0x40cfa6]
[node66:50981] [ 4] ./subset_createv(main+0x38e) [0x403d94]
[node66:50981] [ 5] /lib64/libc.so.6(__libc_start_main+0xfd) [0x7f86c998bd5d]
[node66:50981] [ 6] ./subset_createv() [0x4038c9]
[node66:50981] *** End of error message ***
