The system is: Linux - 3.10.0-514.2.2.el7.x86_64 - x86_64
Compiling the C compiler identification source file "CMakeCCompilerId.c" succeeded.
Compiler: /home/knteran/home-local/mpi-ulfm/bin/mpicc 
Build flags: 
Id flags: 

The output was:
0


Compilation of the C compiler identification source "CMakeCCompilerId.c" produced "a.out"

The C compiler identification is GNU, found in "/home/evalen/public/Fenix/CMakeFiles/3.6.1/CompilerIdC/a.out"

Compiling the CXX compiler identification source file "CMakeCXXCompilerId.cpp" succeeded.
Compiler: /home/knteran/home-local/mpi-ulfm/bin/mpic++ 
Build flags: 
Id flags: 

The output was:
0


Compilation of the CXX compiler identification source "CMakeCXXCompilerId.cpp" produced "a.out"

The CXX compiler identification is GNU, found in "/home/evalen/public/Fenix/CMakeFiles/3.6.1/CompilerIdCXX/a.out"

Determining if the C compiler works passed with the following output:
Change Dir: /home/evalen/public/Fenix/CMakeFiles/CMakeTmp

Run Build Command:"/usr/bin/gmake" "cmTC_88964/fast"
gmake: Warning: File `Makefile' has modification time 0.055 s in the future
/usr/bin/gmake -f CMakeFiles/cmTC_88964.dir/build.make CMakeFiles/cmTC_88964.dir/build
gmake[1]: Entering directory `/home/evalen/public/Fenix/CMakeFiles/CMakeTmp'
gmake[1]: Warning: File `CMakeFiles/cmTC_88964.dir/flags.make' has modification time 0.046 s in the future
Building C object CMakeFiles/cmTC_88964.dir/testCCompiler.c.o
/home/knteran/home-local/mpi-ulfm/bin/mpicc     -o CMakeFiles/cmTC_88964.dir/testCCompiler.c.o   -c /home/evalen/public/Fenix/CMakeFiles/CMakeTmp/testCCompiler.c
Linking C executable cmTC_88964
/spack/c7.3/base/spack/opt/spack/linux-rhel7-x86_64/gcc-4.8.5/cmake-3.6.1-zhy253bsepzz2fyst5nmlotw3eemciol/bin/cmake -E cmake_link_script CMakeFiles/cmTC_88964.dir/link.txt --verbose=1
/home/knteran/home-local/mpi-ulfm/bin/mpicc       CMakeFiles/cmTC_88964.dir/testCCompiler.c.o  -o cmTC_88964 -rdynamic 
gmake[1]: warning:  Clock skew detected.  Your build may be incomplete.
gmake[1]: Leaving directory `/home/evalen/public/Fenix/CMakeFiles/CMakeTmp'
gmake: warning:  Clock skew detected.  Your build may be incomplete.


Detecting C compiler ABI info compiled with the following output:
Change Dir: /home/evalen/public/Fenix/CMakeFiles/CMakeTmp

Run Build Command:"/usr/bin/gmake" "cmTC_31c0b/fast"
gmake: Warning: File `Makefile' has modification time 0.059 s in the future
/usr/bin/gmake -f CMakeFiles/cmTC_31c0b.dir/build.make CMakeFiles/cmTC_31c0b.dir/build
gmake[1]: Entering directory `/home/evalen/public/Fenix/CMakeFiles/CMakeTmp'
gmake[1]: Warning: File `CMakeFiles/cmTC_31c0b.dir/flags.make' has modification time 0.05 s in the future
Building C object CMakeFiles/cmTC_31c0b.dir/CMakeCCompilerABI.c.o
/home/knteran/home-local/mpi-ulfm/bin/mpicc     -o CMakeFiles/cmTC_31c0b.dir/CMakeCCompilerABI.c.o   -c /spack/c7.3/base/spack/opt/spack/linux-rhel7-x86_64/gcc-4.8.5/cmake-3.6.1-zhy253bsepzz2fyst5nmlotw3eemciol/share/cmake-3.6/Modules/CMakeCCompilerABI.c
Linking C executable cmTC_31c0b
/spack/c7.3/base/spack/opt/spack/linux-rhel7-x86_64/gcc-4.8.5/cmake-3.6.1-zhy253bsepzz2fyst5nmlotw3eemciol/bin/cmake -E cmake_link_script CMakeFiles/cmTC_31c0b.dir/link.txt --verbose=1
/home/knteran/home-local/mpi-ulfm/bin/mpicc      -v CMakeFiles/cmTC_31c0b.dir/CMakeCCompilerABI.c.o  -o cmTC_31c0b -rdynamic  
Reading specs from /spack/c7.3/compilers-birch/spack/opt/spack/linux-rhel7-x86_64/gcc-4.8.5/gcc-6.2.0-p7ooz6rv3pmymvbjojrugp5vzrv2wi5d/lib64/gcc/x86_64-pc-linux-gnu/6.2.0/specs
COLLECT_GCC=/spack/c7.3/compilers-birch/spack/opt/spack/linux-rhel7-x86_64/gcc-4.8.5/gcc-6.2.0-p7ooz6rv3pmymvbjojrugp5vzrv2wi5d/bin/gcc
COLLECT_LTO_WRAPPER=/spack/c7.3/compilers-birch/spack/opt/spack/linux-rhel7-x86_64/gcc-4.8.5/gcc-6.2.0-p7ooz6rv3pmymvbjojrugp5vzrv2wi5d/libexec/gcc/x86_64-pc-linux-gnu/6.2.0/lto-wrapper
Target: x86_64-pc-linux-gnu
Configured with: /spack/c7.3/compilers-birch/spack/var/spack/stage/gcc-6.2.0-p7ooz6rv3pmymvbjojrugp5vzrv2wi5d/gcc-6.2.0/configure --prefix=/spack/c7.3/compilers-birch/spack/opt/spack/linux-rhel7-x86_64/gcc-4.8.5/gcc-6.2.0-p7ooz6rv3pmymvbjojrugp5vzrv2wi5d --libdir=/spack/c7.3/compilers-birch/spack/opt/spack/linux-rhel7-x86_64/gcc-4.8.5/gcc-6.2.0-p7ooz6rv3pmymvbjojrugp5vzrv2wi5d/lib64 --disable-multilib --enable-languages=c,java,c++,fortran,objc,go --with-mpc=/spack/c7.3/compilers-birch/spack/opt/spack/linux-rhel7-x86_64/gcc-4.8.5/mpc-1.0.3-qzfzzkan5rjldrwas6jikmlyjc7x64fw --with-mpfr=/spack/c7.3/compilers-birch/spack/opt/spack/linux-rhel7-x86_64/gcc-4.8.5/mpfr-3.1.4-4kbiiezrp4nm73mzfuk7yynhmprjyfjm --with-gmp=/spack/c7.3/compilers-birch/spack/opt/spack/linux-rhel7-x86_64/gcc-4.8.5/gmp-6.1.1-7dv3orjwrg6fi23uqmxyx5vmayi4hq5p --enable-lto --with-quad --with-isl=/spack/c7.3/compilers-birch/spack/opt/spack/linux-rhel7-x86_64/gcc-4.8.5/isl-0.14-p2rz4odyk5ue3bhhkyce57oyl4eh6vp3
Thread model: posix
gcc version 6.2.0 (GCC) 
COMPILER_PATH=/spack/c7.3/compilers-birch/spack/opt/spack/linux-rhel7-x86_64/gcc-4.8.5/gcc-6.2.0-p7ooz6rv3pmymvbjojrugp5vzrv2wi5d/libexec/gcc/x86_64-pc-linux-gnu/6.2.0/:/spack/c7.3/compilers-birch/spack/opt/spack/linux-rhel7-x86_64/gcc-4.8.5/gcc-6.2.0-p7ooz6rv3pmymvbjojrugp5vzrv2wi5d/libexec/gcc/x86_64-pc-linux-gnu/6.2.0/:/spack/c7.3/compilers-birch/spack/opt/spack/linux-rhel7-x86_64/gcc-4.8.5/gcc-6.2.0-p7ooz6rv3pmymvbjojrugp5vzrv2wi5d/libexec/gcc/x86_64-pc-linux-gnu/:/spack/c7.3/compilers-birch/spack/opt/spack/linux-rhel7-x86_64/gcc-4.8.5/gcc-6.2.0-p7ooz6rv3pmymvbjojrugp5vzrv2wi5d/lib64/gcc/x86_64-pc-linux-gnu/6.2.0/:/spack/c7.3/compilers-birch/spack/opt/spack/linux-rhel7-x86_64/gcc-4.8.5/gcc-6.2.0-p7ooz6rv3pmymvbjojrugp5vzrv2wi5d/lib64/gcc/x86_64-pc-linux-gnu/
LIBRARY_PATH=/spack/c7.3/compilers-birch/spack/opt/spack/linux-rhel7-x86_64/gcc-4.8.5/gcc-6.2.0-p7ooz6rv3pmymvbjojrugp5vzrv2wi5d/lib64/../lib64/:/spack/c7.3/compilers-birch/spack/opt/spack/linux-rhel7-x86_64/gcc-4.8.5/gcc-6.2.0-p7ooz6rv3pmymvbjojrugp5vzrv2wi5d/lib64/gcc/x86_64-pc-linux-gnu/6.2.0/:/spack/c7.3/compilers-birch/spack/opt/spack/linux-rhel7-x86_64/gcc-4.8.5/gcc-6.2.0-p7ooz6rv3pmymvbjojrugp5vzrv2wi5d/lib64/gcc/x86_64-pc-linux-gnu/6.2.0/../../../../lib64/:/lib/../lib64/:/usr/lib/../lib64/:/spack/c7.3/base/spack/opt/spack/linux-rhel7-x86_64/gcc-4.8.5/googletest-1.7.0-s4qdqfhekk6i3ydxirrl6ro4f6lvf7cq/lib/:/spack/c7.3/compilers-birch/spack/opt/spack/linux-rhel7-x86_64/gcc-4.8.5/gcc-6.2.0-p7ooz6rv3pmymvbjojrugp5vzrv2wi5d/lib64/:/spack/c7.3/base/spack/opt/spack/linux-rhel7-x86_64/gcc-4.8.5/libtool-2.4.6-hnkxexo3srgcj7kv3ytndm35s63z3x7e/lib/:/spack/c7.3/base/spack/opt/spack/linux-rhel7-x86_64/gcc-4.8.5/mpich-3.2-oflbbgqt7vldspixp6naf2cpxxn3pken/lib/:/spack/c7.3/base/spack/opt/spack/linux-rhel7-x86_64/gcc-4.8.5/git-2.11.0-dmu7e3lp5uhhs333bgwmer34vqyp7ybk/lib/:/spack/c7.3/compilers-birch/spack/opt/spack/linux-rhel7-x86_64/gcc-4.8.5/gcc-6.2.0-p7ooz6rv3pmymvbjojrugp5vzrv2wi5d/lib64/gcc/x86_64-pc-linux-gnu/6.2.0/../../../:/lib/:/usr/lib/
COLLECT_GCC_OPTIONS='-v' '-o' 'cmTC_31c0b' '-rdynamic' '-I' '/home/knteran/home-local/mpi-ulfm/include' '-pthread' '-L/home/knteran/home-local/mpi-ulfm/lib' '-mtune=generic' '-march=x86-64'
 /spack/c7.3/compilers-birch/spack/opt/spack/linux-rhel7-x86_64/gcc-4.8.5/gcc-6.2.0-p7ooz6rv3pmymvbjojrugp5vzrv2wi5d/libexec/gcc/x86_64-pc-linux-gnu/6.2.0/collect2 -plugin /spack/c7.3/compilers-birch/spack/opt/spack/linux-rhel7-x86_64/gcc-4.8.5/gcc-6.2.0-p7ooz6rv3pmymvbjojrugp5vzrv2wi5d/libexec/gcc/x86_64-pc-linux-gnu/6.2.0/liblto_plugin.so -plugin-opt=/spack/c7.3/compilers-birch/spack/opt/spack/linux-rhel7-x86_64/gcc-4.8.5/gcc-6.2.0-p7ooz6rv3pmymvbjojrugp5vzrv2wi5d/libexec/gcc/x86_64-pc-linux-gnu/6.2.0/lto-wrapper -plugin-opt=-fresolution=/tmp/cc97SZlc.res -plugin-opt=-pass-through=-lgcc -plugin-opt=-pass-through=-lgcc_s -plugin-opt=-pass-through=-lpthread -plugin-opt=-pass-through=-lc -plugin-opt=-pass-through=-lgcc -plugin-opt=-pass-through=-lgcc_s -rpath /spack/c7.3/compilers-birch/spack/opt/spack/linux-rhel7-x86_64/gcc-4.8.5/gcc-6.2.0-p7ooz6rv3pmymvbjojrugp5vzrv2wi5d/lib:/spack/c7.3/compilers-birch/spack/opt/spack/linux-rhel7-x86_64/gcc-4.8.5/gcc-6.2.0-p7ooz6rv3pmymvbjojrugp5vzrv2wi5d/lib64 --eh-frame-hdr -m elf_x86_64 -export-dynamic -dynamic-linker /lib64/ld-linux-x86-64.so.2 -o cmTC_31c0b /lib/../lib64/crt1.o /lib/../lib64/crti.o /spack/c7.3/compilers-birch/spack/opt/spack/linux-rhel7-x86_64/gcc-4.8.5/gcc-6.2.0-p7ooz6rv3pmymvbjojrugp5vzrv2wi5d/lib64/gcc/x86_64-pc-linux-gnu/6.2.0/crtbegin.o -L/home/knteran/home-local/mpi-ulfm/lib -L/spack/c7.3/compilers-birch/spack/opt/spack/linux-rhel7-x86_64/gcc-4.8.5/gcc-6.2.0-p7ooz6rv3pmymvbjojrugp5vzrv2wi5d/lib64/../lib64 -L/spack/c7.3/compilers-birch/spack/opt/spack/linux-rhel7-x86_64/gcc-4.8.5/gcc-6.2.0-p7ooz6rv3pmymvbjojrugp5vzrv2wi5d/lib64/gcc/x86_64-pc-linux-gnu/6.2.0 -L/spack/c7.3/compilers-birch/spack/opt/spack/linux-rhel7-x86_64/gcc-4.8.5/gcc-6.2.0-p7ooz6rv3pmymvbjojrugp5vzrv2wi5d/lib64/gcc/x86_64-pc-linux-gnu/6.2.0/../../../../lib64 -L/lib/../lib64 -L/usr/lib/../lib64 -L/spack/c7.3/base/spack/opt/spack/linux-rhel7-x86_64/gcc-4.8.5/googletest-1.7.0-s4qdqfhekk6i3ydxirrl6ro4f6lvf7cq/lib -L/spack/c7.3/compilers-birch/spack/opt/spack/linux-rhel7-x86_64/gcc-4.8.5/gcc-6.2.0-p7ooz6rv3pmymvbjojrugp5vzrv2wi5d/lib64 -L/spack/c7.3/base/spack/opt/spack/linux-rhel7-x86_64/gcc-4.8.5/libtool-2.4.6-hnkxexo3srgcj7kv3ytndm35s63z3x7e/lib -L/spack/c7.3/base/spack/opt/spack/linux-rhel7-x86_64/gcc-4.8.5/mpich-3.2-oflbbgqt7vldspixp6naf2cpxxn3pken/lib -L/spack/c7.3/base/spack/opt/spack/linux-rhel7-x86_64/gcc-4.8.5/git-2.11.0-dmu7e3lp5uhhs333bgwmer34vqyp7ybk/lib -L/spack/c7.3/compilers-birch/spack/opt/spack/linux-rhel7-x86_64/gcc-4.8.5/gcc-6.2.0-p7ooz6rv3pmymvbjojrugp5vzrv2wi5d/lib64/gcc/x86_64-pc-linux-gnu/6.2.0/../../.. CMakeFiles/cmTC_31c0b.dir/CMakeCCompilerABI.c.o -lmpi -ldl -lm --export-dynamic -lrt -lnsl -lutil -lm -ldl -lgcc --as-needed -lgcc_s --no-as-needed -lpthread -lc -lgcc --as-needed -lgcc_s --no-as-needed /spack/c7.3/compilers-birch/spack/opt/spack/linux-rhel7-x86_64/gcc-4.8.5/gcc-6.2.0-p7ooz6rv3pmymvbjojrugp5vzrv2wi5d/lib64/gcc/x86_64-pc-linux-gnu/6.2.0/crtend.o /lib/../lib64/crtn.o
COLLECT_GCC_OPTIONS='-v' '-o' 'cmTC_31c0b' '-rdynamic' '-I' '/home/knteran/home-local/mpi-ulfm/include' '-pthread' '-L/home/knteran/home-local/mpi-ulfm/lib' '-mtune=generic' '-march=x86-64'
gmake[1]: warning:  Clock skew detected.  Your build may be incomplete.
gmake[1]: Leaving directory `/home/evalen/public/Fenix/CMakeFiles/CMakeTmp'
gmake: warning:  Clock skew detected.  Your build may be incomplete.


Parsed C implicit link information from above output:
  link line regex: [^( *|.*[/\])(ld|([^/\]+-)?ld|collect2)[^/\]*( |$)]
  ignore line: [Change Dir: /home/evalen/public/Fenix/CMakeFiles/CMakeTmp]
  ignore line: []
  ignore line: [Run Build Command:"/usr/bin/gmake" "cmTC_31c0b/fast"]
  ignore line: [gmake: Warning: File `Makefile' has modification time 0.059 s in the future]
  ignore line: [/usr/bin/gmake -f CMakeFiles/cmTC_31c0b.dir/build.make CMakeFiles/cmTC_31c0b.dir/build]
  ignore line: [gmake[1]: Entering directory `/home/evalen/public/Fenix/CMakeFiles/CMakeTmp']
  ignore line: [gmake[1]: Warning: File `CMakeFiles/cmTC_31c0b.dir/flags.make' has modification time 0.05 s in the future]
  ignore line: [Building C object CMakeFiles/cmTC_31c0b.dir/CMakeCCompilerABI.c.o]
  ignore line: [/home/knteran/home-local/mpi-ulfm/bin/mpicc     -o CMakeFiles/cmTC_31c0b.dir/CMakeCCompilerABI.c.o   -c /spack/c7.3/base/spack/opt/spack/linux-rhel7-x86_64/gcc-4.8.5/cmake-3.6.1-zhy253bsepzz2fyst5nmlotw3eemciol/share/cmake-3.6/Modules/CMakeCCompilerABI.c]
  ignore line: [Linking C executable cmTC_31c0b]
  ignore line: [/spack/c7.3/base/spack/opt/spack/linux-rhel7-x86_64/gcc-4.8.5/cmake-3.6.1-zhy253bsepzz2fyst5nmlotw3eemciol/bin/cmake -E cmake_link_script CMakeFiles/cmTC_31c0b.dir/link.txt --verbose=1]
  ignore line: [/home/knteran/home-local/mpi-ulfm/bin/mpicc      -v CMakeFiles/cmTC_31c0b.dir/CMakeCCompilerABI.c.o  -o cmTC_31c0b -rdynamic  ]
  ignore line: [Reading specs from /spack/c7.3/compilers-birch/spack/opt/spack/linux-rhel7-x86_64/gcc-4.8.5/gcc-6.2.0-p7ooz6rv3pmymvbjojrugp5vzrv2wi5d/lib64/gcc/x86_64-pc-linux-gnu/6.2.0/specs]
  ignore line: [COLLECT_GCC=/spack/c7.3/compilers-birch/spack/opt/spack/linux-rhel7-x86_64/gcc-4.8.5/gcc-6.2.0-p7ooz6rv3pmymvbjojrugp5vzrv2wi5d/bin/gcc]
  ignore line: [COLLECT_LTO_WRAPPER=/spack/c7.3/compilers-birch/spack/opt/spack/linux-rhel7-x86_64/gcc-4.8.5/gcc-6.2.0-p7ooz6rv3pmymvbjojrugp5vzrv2wi5d/libexec/gcc/x86_64-pc-linux-gnu/6.2.0/lto-wrapper]
  ignore line: [Target: x86_64-pc-linux-gnu]
  ignore line: [Configured with: /spack/c7.3/compilers-birch/spack/var/spack/stage/gcc-6.2.0-p7ooz6rv3pmymvbjojrugp5vzrv2wi5d/gcc-6.2.0/configure --prefix=/spack/c7.3/compilers-birch/spack/opt/spack/linux-rhel7-x86_64/gcc-4.8.5/gcc-6.2.0-p7ooz6rv3pmymvbjojrugp5vzrv2wi5d --libdir=/spack/c7.3/compilers-birch/spack/opt/spack/linux-rhel7-x86_64/gcc-4.8.5/gcc-6.2.0-p7ooz6rv3pmymvbjojrugp5vzrv2wi5d/lib64 --disable-multilib --enable-languages=c,java,c++,fortran,objc,go --with-mpc=/spack/c7.3/compilers-birch/spack/opt/spack/linux-rhel7-x86_64/gcc-4.8.5/mpc-1.0.3-qzfzzkan5rjldrwas6jikmlyjc7x64fw --with-mpfr=/spack/c7.3/compilers-birch/spack/opt/spack/linux-rhel7-x86_64/gcc-4.8.5/mpfr-3.1.4-4kbiiezrp4nm73mzfuk7yynhmprjyfjm --with-gmp=/spack/c7.3/compilers-birch/spack/opt/spack/linux-rhel7-x86_64/gcc-4.8.5/gmp-6.1.1-7dv3orjwrg6fi23uqmxyx5vmayi4hq5p --enable-lto --with-quad --with-isl=/spack/c7.3/compilers-birch/spack/opt/spack/linux-rhel7-x86_64/gcc-4.8.5/isl-0.14-p2rz4odyk5ue3bhhkyce57oyl4eh6vp3]
  ignore line: [Thread model: posix]
  ignore line: [gcc version 6.2.0 (GCC) ]
  ignore line: [COMPILER_PATH=/spack/c7.3/compilers-birch/spack/opt/spack/linux-rhel7-x86_64/gcc-4.8.5/gcc-6.2.0-p7ooz6rv3pmymvbjojrugp5vzrv2wi5d/libexec/gcc/x86_64-pc-linux-gnu/6.2.0/:/spack/c7.3/compilers-birch/spack/opt/spack/linux-rhel7-x86_64/gcc-4.8.5/gcc-6.2.0-p7ooz6rv3pmymvbjojrugp5vzrv2wi5d/libexec/gcc/x86_64-pc-linux-gnu/6.2.0/:/spack/c7.3/compilers-birch/spack/opt/spack/linux-rhel7-x86_64/gcc-4.8.5/gcc-6.2.0-p7ooz6rv3pmymvbjojrugp5vzrv2wi5d/libexec/gcc/x86_64-pc-linux-gnu/:/spack/c7.3/compilers-birch/spack/opt/spack/linux-rhel7-x86_64/gcc-4.8.5/gcc-6.2.0-p7ooz6rv3pmymvbjojrugp5vzrv2wi5d/lib64/gcc/x86_64-pc-linux-gnu/6.2.0/:/spack/c7.3/compilers-birch/spack/opt/spack/linux-rhel7-x86_64/gcc-4.8.5/gcc-6.2.0-p7ooz6rv3pmymvbjojrugp5vzrv2wi5d/lib64/gcc/x86_64-pc-linux-gnu/]
  ignore line: [LIBRARY_PATH=/spack/c7.3/compilers-birch/spack/opt/spack/linux-rhel7-x86_64/gcc-4.8.5/gcc-6.2.0-p7ooz6rv3pmymvbjojrugp5vzrv2wi5d/lib64/../lib64/:/spack/c7.3/compilers-birch/spack/opt/spack/linux-rhel7-x86_64/gcc-4.8.5/gcc-6.2.0-p7ooz6rv3pmymvbjojrugp5vzrv2wi5d/lib64/gcc/x86_64-pc-linux-gnu/6.2.0/:/spack/c7.3/compilers-birch/spack/opt/spack/linux-rhel7-x86_64/gcc-4.8.5/gcc-6.2.0-p7ooz6rv3pmymvbjojrugp5vzrv2wi5d/lib64/gcc/x86_64-pc-linux-gnu/6.2.0/../../../../lib64/:/lib/../lib64/:/usr/lib/../lib64/:/spack/c7.3/base/spack/opt/spack/linux-rhel7-x86_64/gcc-4.8.5/googletest-1.7.0-s4qdqfhekk6i3ydxirrl6ro4f6lvf7cq/lib/:/spack/c7.3/compilers-birch/spack/opt/spack/linux-rhel7-x86_64/gcc-4.8.5/gcc-6.2.0-p7ooz6rv3pmymvbjojrugp5vzrv2wi5d/lib64/:/spack/c7.3/base/spack/opt/spack/linux-rhel7-x86_64/gcc-4.8.5/libtool-2.4.6-hnkxexo3srgcj7kv3ytndm35s63z3x7e/lib/:/spack/c7.3/base/spack/opt/spack/linux-rhel7-x86_64/gcc-4.8.5/mpich-3.2-oflbbgqt7vldspixp6naf2cpxxn3pken/lib/:/spack/c7.3/base/spack/opt/spack/linux-rhel7-x86_64/gcc-4.8.5/git-2.11.0-dmu7e3lp5uhhs333bgwmer34vqyp7ybk/lib/:/spack/c7.3/compilers-birch/spack/opt/spack/linux-rhel7-x86_64/gcc-4.8.5/gcc-6.2.0-p7ooz6rv3pmymvbjojrugp5vzrv2wi5d/lib64/gcc/x86_64-pc-linux-gnu/6.2.0/../../../:/lib/:/usr/lib/]
  ignore line: [COLLECT_GCC_OPTIONS='-v' '-o' 'cmTC_31c0b' '-rdynamic' '-I' '/home/knteran/home-local/mpi-ulfm/include' '-pthread' '-L/home/knteran/home-local/mpi-ulfm/lib' '-mtune=generic' '-march=x86-64']
  link line: [ /spack/c7.3/compilers-birch/spack/opt/spack/linux-rhel7-x86_64/gcc-4.8.5/gcc-6.2.0-p7ooz6rv3pmymvbjojrugp5vzrv2wi5d/libexec/gcc/x86_64-pc-linux-gnu/6.2.0/collect2 -plugin /spack/c7.3/compilers-birch/spack/opt/spack/linux-rhel7-x86_64/gcc-4.8.5/gcc-6.2.0-p7ooz6rv3pmymvbjojrugp5vzrv2wi5d/libexec/gcc/x86_64-pc-linux-gnu/6.2.0/liblto_plugin.so -plugin-opt=/spack/c7.3/compilers-birch/spack/opt/spack/linux-rhel7-x86_64/gcc-4.8.5/gcc-6.2.0-p7ooz6rv3pmymvbjojrugp5vzrv2wi5d/libexec/gcc/x86_64-pc-linux-gnu/6.2.0/lto-wrapper -plugin-opt=-fresolution=/tmp/cc97SZlc.res -plugin-opt=-pass-through=-lgcc -plugin-opt=-pass-through=-lgcc_s -plugin-opt=-pass-through=-lpthread -plugin-opt=-pass-through=-lc -plugin-opt=-pass-through=-lgcc -plugin-opt=-pass-through=-lgcc_s -rpath /spack/c7.3/compilers-birch/spack/opt/spack/linux-rhel7-x86_64/gcc-4.8.5/gcc-6.2.0-p7ooz6rv3pmymvbjojrugp5vzrv2wi5d/lib:/spack/c7.3/compilers-birch/spack/opt/spack/linux-rhel7-x86_64/gcc-4.8.5/gcc-6.2.0-p7ooz6rv3pmymvbjojrugp5vzrv2wi5d/lib64 --eh-frame-hdr -m elf_x86_64 -export-dynamic -dynamic-linker /lib64/ld-linux-x86-64.so.2 -o cmTC_31c0b /lib/../lib64/crt1.o /lib/../lib64/crti.o /spack/c7.3/compilers-birch/spack/opt/spack/linux-rhel7-x86_64/gcc-4.8.5/gcc-6.2.0-p7ooz6rv3pmymvbjojrugp5vzrv2wi5d/lib64/gcc/x86_64-pc-linux-gnu/6.2.0/crtbegin.o -L/home/knteran/home-local/mpi-ulfm/lib -L/spack/c7.3/compilers-birch/spack/opt/spack/linux-rhel7-x86_64/gcc-4.8.5/gcc-6.2.0-p7ooz6rv3pmymvbjojrugp5vzrv2wi5d/lib64/../lib64 -L/spack/c7.3/compilers-birch/spack/opt/spack/linux-rhel7-x86_64/gcc-4.8.5/gcc-6.2.0-p7ooz6rv3pmymvbjojrugp5vzrv2wi5d/lib64/gcc/x86_64-pc-linux-gnu/6.2.0 -L/spack/c7.3/compilers-birch/spack/opt/spack/linux-rhel7-x86_64/gcc-4.8.5/gcc-6.2.0-p7ooz6rv3pmymvbjojrugp5vzrv2wi5d/lib64/gcc/x86_64-pc-linux-gnu/6.2.0/../../../../lib64 -L/lib/../lib64 -L/usr/lib/../lib64 -L/spack/c7.3/base/spack/opt/spack/linux-rhel7-x86_64/gcc-4.8.5/googletest-1.7.0-s4qdqfhekk6i3ydxirrl6ro4f6lvf7cq/lib -L/spack/c7.3/compilers-birch/spack/opt/spack/linux-rhel7-x86_64/gcc-4.8.5/gcc-6.2.0-p7ooz6rv3pmymvbjojrugp5vzrv2wi5d/lib64 -L/spack/c7.3/base/spack/opt/spack/linux-rhel7-x86_64/gcc-4.8.5/libtool-2.4.6-hnkxexo3srgcj7kv3ytndm35s63z3x7e/lib -L/spack/c7.3/base/spack/opt/spack/linux-rhel7-x86_64/gcc-4.8.5/mpich-3.2-oflbbgqt7vldspixp6naf2cpxxn3pken/lib -L/spack/c7.3/base/spack/opt/spack/linux-rhel7-x86_64/gcc-4.8.5/git-2.11.0-dmu7e3lp5uhhs333bgwmer34vqyp7ybk/lib -L/spack/c7.3/compilers-birch/spack/opt/spack/linux-rhel7-x86_64/gcc-4.8.5/gcc-6.2.0-p7ooz6rv3pmymvbjojrugp5vzrv2wi5d/lib64/gcc/x86_64-pc-linux-gnu/6.2.0/../../.. CMakeFiles/cmTC_31c0b.dir/CMakeCCompilerABI.c.o -lmpi -ldl -lm --export-dynamic -lrt -lnsl -lutil -lm -ldl -lgcc --as-needed -lgcc_s --no-as-needed -lpthread -lc -lgcc --as-needed -lgcc_s --no-as-needed /spack/c7.3/compilers-birch/spack/opt/spack/linux-rhel7-x86_64/gcc-4.8.5/gcc-6.2.0-p7ooz6rv3pmymvbjojrugp5vzrv2wi5d/lib64/gcc/x86_64-pc-linux-gnu/6.2.0/crtend.o /lib/../lib64/crtn.o]
    arg [/spack/c7.3/compilers-birch/spack/opt/spack/linux-rhel7-x86_64/gcc-4.8.5/gcc-6.2.0-p7ooz6rv3pmymvbjojrugp5vzrv2wi5d/libexec/gcc/x86_64-pc-linux-gnu/6.2.0/collect2] ==> ignore
    arg [-plugin] ==> ignore
    arg [/spack/c7.3/compilers-birch/spack/opt/spack/linux-rhel7-x86_64/gcc-4.8.5/gcc-6.2.0-p7ooz6rv3pmymvbjojrugp5vzrv2wi5d/libexec/gcc/x86_64-pc-linux-gnu/6.2.0/liblto_plugin.so] ==> ignore
    arg [-plugin-opt=/spack/c7.3/compilers-birch/spack/opt/spack/linux-rhel7-x86_64/gcc-4.8.5/gcc-6.2.0-p7ooz6rv3pmymvbjojrugp5vzrv2wi5d/libexec/gcc/x86_64-pc-linux-gnu/6.2.0/lto-wrapper] ==> ignore
    arg [-plugin-opt=-fresolution=/tmp/cc97SZlc.res] ==> ignore
    arg [-plugin-opt=-pass-through=-lgcc] ==> ignore
    arg [-plugin-opt=-pass-through=-lgcc_s] ==> ignore
    arg [-plugin-opt=-pass-through=-lpthread] ==> ignore
    arg [-plugin-opt=-pass-through=-lc] ==> ignore
    arg [-plugin-opt=-pass-through=-lgcc] ==> ignore
    arg [-plugin-opt=-pass-through=-lgcc_s] ==> ignore
    arg [-rpath] ==> ignore
    arg [/spack/c7.3/compilers-birch/spack/opt/spack/linux-rhel7-x86_64/gcc-4.8.5/gcc-6.2.0-p7ooz6rv3pmymvbjojrugp5vzrv2wi5d/lib:/spack/c7.3/compilers-birch/spack/opt/spack/linux-rhel7-x86_64/gcc-4.8.5/gcc-6.2.0-p7ooz6rv3pmymvbjojrugp5vzrv2wi5d/lib64] ==> ignore
    arg [--eh-frame-hdr] ==> ignore
    arg [-m] ==> ignore
    arg [elf_x86_64] ==> ignore
    arg [-export-dynamic] ==> ignore
    arg [-dynamic-linker] ==> ignore
    arg [/lib64/ld-linux-x86-64.so.2] ==> ignore
    arg [-o] ==> ignore
    arg [cmTC_31c0b] ==> ignore
    arg [/lib/../lib64/crt1.o] ==> ignore
    arg [/lib/../lib64/crti.o] ==> ignore
    arg [/spack/c7.3/compilers-birch/spack/opt/spack/linux-rhel7-x86_64/gcc-4.8.5/gcc-6.2.0-p7ooz6rv3pmymvbjojrugp5vzrv2wi5d/lib64/gcc/x86_64-pc-linux-gnu/6.2.0/crtbegin.o] ==> ignore
    arg [-L/home/knteran/home-local/mpi-ulfm/lib] ==> dir [/home/knteran/home-local/mpi-ulfm/lib]
    arg [-L/spack/c7.3/compilers-birch/spack/opt/spack/linux-rhel7-x86_64/gcc-4.8.5/gcc-6.2.0-p7ooz6rv3pmymvbjojrugp5vzrv2wi5d/lib64/../lib64] ==> dir [/spack/c7.3/compilers-birch/spack/opt/spack/linux-rhel7-x86_64/gcc-4.8.5/gcc-6.2.0-p7ooz6rv3pmymvbjojrugp5vzrv2wi5d/lib64/../lib64]
    arg [-L/spack/c7.3/compilers-birch/spack/opt/spack/linux-rhel7-x86_64/gcc-4.8.5/gcc-6.2.0-p7ooz6rv3pmymvbjojrugp5vzrv2wi5d/lib64/gcc/x86_64-pc-linux-gnu/6.2.0] ==> dir [/spack/c7.3/compilers-birch/spack/opt/spack/linux-rhel7-x86_64/gcc-4.8.5/gcc-6.2.0-p7ooz6rv3pmymvbjojrugp5vzrv2wi5d/lib64/gcc/x86_64-pc-linux-gnu/6.2.0]
    arg [-L/spack/c7.3/compilers-birch/spack/opt/spack/linux-rhel7-x86_64/gcc-4.8.5/gcc-6.2.0-p7ooz6rv3pmymvbjojrugp5vzrv2wi5d/lib64/gcc/x86_64-pc-linux-gnu/6.2.0/../../../../lib64] ==> dir [/spack/c7.3/compilers-birch/spack/opt/spack/linux-rhel7-x86_64/gcc-4.8.5/gcc-6.2.0-p7ooz6rv3pmymvbjojrugp5vzrv2wi5d/lib64/gcc/x86_64-pc-linux-gnu/6.2.0/../../../../lib64]
    arg [-L/lib/../lib64] ==> dir [/lib/../lib64]
    arg [-L/usr/lib/../lib64] ==> dir [/usr/lib/../lib64]
    arg [-L/spack/c7.3/base/spack/opt/spack/linux-rhel7-x86_64/gcc-4.8.5/googletest-1.7.0-s4qdqfhekk6i3ydxirrl6ro4f6lvf7cq/lib] ==> dir [/spack/c7.3/base/spack/opt/spack/linux-rhel7-x86_64/gcc-4.8.5/googletest-1.7.0-s4qdqfhekk6i3ydxirrl6ro4f6lvf7cq/lib]
    arg [-L/spack/c7.3/compilers-birch/spack/opt/spack/linux-rhel7-x86_64/gcc-4.8.5/gcc-6.2.0-p7ooz6rv3pmymvbjojrugp5vzrv2wi5d/lib64] ==> dir [/spack/c7.3/compilers-birch/spack/opt/spack/linux-rhel7-x86_64/gcc-4.8.5/gcc-6.2.0-p7ooz6rv3pmymvbjojrugp5vzrv2wi5d/lib64]
    arg [-L/spack/c7.3/base/spack/opt/spack/linux-rhel7-x86_64/gcc-4.8.5/libtool-2.4.6-hnkxexo3srgcj7kv3ytndm35s63z3x7e/lib] ==> dir [/spack/c7.3/base/spack/opt/spack/linux-rhel7-x86_64/gcc-4.8.5/libtool-2.4.6-hnkxexo3srgcj7kv3ytndm35s63z3x7e/lib]
    arg [-L/spack/c7.3/base/spack/opt/spack/linux-rhel7-x86_64/gcc-4.8.5/mpich-3.2-oflbbgqt7vldspixp6naf2cpxxn3pken/lib] ==> dir [/spack/c7.3/base/spack/opt/spack/linux-rhel7-x86_64/gcc-4.8.5/mpich-3.2-oflbbgqt7vldspixp6naf2cpxxn3pken/lib]
    arg [-L/spack/c7.3/base/spack/opt/spack/linux-rhel7-x86_64/gcc-4.8.5/git-2.11.0-dmu7e3lp5uhhs333bgwmer34vqyp7ybk/lib] ==> dir [/spack/c7.3/base/spack/opt/spack/linux-rhel7-x86_64/gcc-4.8.5/git-2.11.0-dmu7e3lp5uhhs333bgwmer34vqyp7ybk/lib]
    arg [-L/spack/c7.3/compilers-birch/spack/opt/spack/linux-rhel7-x86_64/gcc-4.8.5/gcc-6.2.0-p7ooz6rv3pmymvbjojrugp5vzrv2wi5d/lib64/gcc/x86_64-pc-linux-gnu/6.2.0/../../..] ==> dir [/spack/c7.3/compilers-birch/spack/opt/spack/linux-rhel7-x86_64/gcc-4.8.5/gcc-6.2.0-p7ooz6rv3pmymvbjojrugp5vzrv2wi5d/lib64/gcc/x86_64-pc-linux-gnu/6.2.0/../../..]
    arg [CMakeFiles/cmTC_31c0b.dir/CMakeCCompilerABI.c.o] ==> ignore
    arg [-lmpi] ==> lib [mpi]
    arg [-ldl] ==> lib [dl]
    arg [-lm] ==> lib [m]
    arg [--export-dynamic] ==> ignore
    arg [-lrt] ==> lib [rt]
    arg [-lnsl] ==> lib [nsl]
    arg [-lutil] ==> lib [util]
    arg [-lm] ==> lib [m]
    arg [-ldl] ==> lib [dl]
    arg [-lgcc] ==> lib [gcc]
    arg [--as-needed] ==> ignore
    arg [-lgcc_s] ==> lib [gcc_s]
    arg [--no-as-needed] ==> ignore
    arg [-lpthread] ==> lib [pthread]
    arg [-lc] ==> lib [c]
    arg [-lgcc] ==> lib [gcc]
    arg [--as-needed] ==> ignore
    arg [-lgcc_s] ==> lib [gcc_s]
    arg [--no-as-needed] ==> ignore
    arg [/spack/c7.3/compilers-birch/spack/opt/spack/linux-rhel7-x86_64/gcc-4.8.5/gcc-6.2.0-p7ooz6rv3pmymvbjojrugp5vzrv2wi5d/lib64/gcc/x86_64-pc-linux-gnu/6.2.0/crtend.o] ==> ignore
    arg [/lib/../lib64/crtn.o] ==> ignore
  remove lib [gcc]
  remove lib [gcc_s]
  remove lib [gcc]
  remove lib [gcc_s]
  collapse library dir [/home/knteran/home-local/mpi-ulfm/lib] ==> [/home/knteran/home-local/mpi-ulfm/lib]
  collapse library dir [/spack/c7.3/compilers-birch/spack/opt/spack/linux-rhel7-x86_64/gcc-4.8.5/gcc-6.2.0-p7ooz6rv3pmymvbjojrugp5vzrv2wi5d/lib64/../lib64] ==> [/spack/c7.3/compilers-birch/spack/opt/spack/linux-rhel7-x86_64/gcc-4.8.5/gcc-6.2.0-p7ooz6rv3pmymvbjojrugp5vzrv2wi5d/lib64]
  collapse library dir [/spack/c7.3/compilers-birch/spack/opt/spack/linux-rhel7-x86_64/gcc-4.8.5/gcc-6.2.0-p7ooz6rv3pmymvbjojrugp5vzrv2wi5d/lib64/gcc/x86_64-pc-linux-gnu/6.2.0] ==> [/spack/c7.3/compilers-birch/spack/opt/spack/linux-rhel7-x86_64/gcc-4.8.5/gcc-6.2.0-p7ooz6rv3pmymvbjojrugp5vzrv2wi5d/lib64/gcc/x86_64-pc-linux-gnu/6.2.0]
  collapse library dir [/spack/c7.3/compilers-birch/spack/opt/spack/linux-rhel7-x86_64/gcc-4.8.5/gcc-6.2.0-p7ooz6rv3pmymvbjojrugp5vzrv2wi5d/lib64/gcc/x86_64-pc-linux-gnu/6.2.0/../../../../lib64] ==> [/spack/c7.3/compilers-birch/spack/opt/spack/linux-rhel7-x86_64/gcc-4.8.5/gcc-6.2.0-p7ooz6rv3pmymvbjojrugp5vzrv2wi5d/lib64]
  collapse library dir [/lib/../lib64] ==> [/lib64]
  collapse library dir [/usr/lib/../lib64] ==> [/usr/lib64]
  collapse library dir [/spack/c7.3/base/spack/opt/spack/linux-rhel7-x86_64/gcc-4.8.5/googletest-1.7.0-s4qdqfhekk6i3ydxirrl6ro4f6lvf7cq/lib] ==> [/spack/c7.3/base/spack/opt/spack/linux-rhel7-x86_64/gcc-4.8.5/googletest-1.7.0-s4qdqfhekk6i3ydxirrl6ro4f6lvf7cq/lib]
  collapse library dir [/spack/c7.3/compilers-birch/spack/opt/spack/linux-rhel7-x86_64/gcc-4.8.5/gcc-6.2.0-p7ooz6rv3pmymvbjojrugp5vzrv2wi5d/lib64] ==> [/spack/c7.3/compilers-birch/spack/opt/spack/linux-rhel7-x86_64/gcc-4.8.5/gcc-6.2.0-p7ooz6rv3pmymvbjojrugp5vzrv2wi5d/lib64]
  collapse library dir [/spack/c7.3/base/spack/opt/spack/linux-rhel7-x86_64/gcc-4.8.5/libtool-2.4.6-hnkxexo3srgcj7kv3ytndm35s63z3x7e/lib] ==> [/spack/c7.3/base/spack/opt/spack/linux-rhel7-x86_64/gcc-4.8.5/libtool-2.4.6-hnkxexo3srgcj7kv3ytndm35s63z3x7e/lib]
  collapse library dir [/spack/c7.3/base/spack/opt/spack/linux-rhel7-x86_64/gcc-4.8.5/mpich-3.2-oflbbgqt7vldspixp6naf2cpxxn3pken/lib] ==> [/spack/c7.3/base/spack/opt/spack/linux-rhel7-x86_64/gcc-4.8.5/mpich-3.2-oflbbgqt7vldspixp6naf2cpxxn3pken/lib]
  collapse library dir [/spack/c7.3/base/spack/opt/spack/linux-rhel7-x86_64/gcc-4.8.5/git-2.11.0-dmu7e3lp5uhhs333bgwmer34vqyp7ybk/lib] ==> [/spack/c7.3/base/spack/opt/spack/linux-rhel7-x86_64/gcc-4.8.5/git-2.11.0-dmu7e3lp5uhhs333bgwmer34vqyp7ybk/lib]
  collapse library dir [/spack/c7.3/compilers-birch/spack/opt/spack/linux-rhel7-x86_64/gcc-4.8.5/gcc-6.2.0-p7ooz6rv3pmymvbjojrugp5vzrv2wi5d/lib64/gcc/x86_64-pc-linux-gnu/6.2.0/../../..] ==> [/spack/c7.3/compilers-birch/spack/opt/spack/linux-rhel7-x86_64/gcc-4.8.5/gcc-6.2.0-p7ooz6rv3pmymvbjojrugp5vzrv2wi5d/lib64]
  implicit libs: [mpi;dl;m;rt;nsl;util;m;dl;pthread;c]
  implicit dirs: [/home/knteran/home-local/mpi-ulfm/lib;/spack/c7.3/compilers-birch/spack/opt/spack/linux-rhel7-x86_64/gcc-4.8.5/gcc-6.2.0-p7ooz6rv3pmymvbjojrugp5vzrv2wi5d/lib64;/spack/c7.3/compilers-birch/spack/opt/spack/linux-rhel7-x86_64/gcc-4.8.5/gcc-6.2.0-p7ooz6rv3pmymvbjojrugp5vzrv2wi5d/lib64/gcc/x86_64-pc-linux-gnu/6.2.0;/lib64;/usr/lib64;/spack/c7.3/base/spack/opt/spack/linux-rhel7-x86_64/gcc-4.8.5/googletest-1.7.0-s4qdqfhekk6i3ydxirrl6ro4f6lvf7cq/lib;/spack/c7.3/base/spack/opt/spack/linux-rhel7-x86_64/gcc-4.8.5/libtool-2.4.6-hnkxexo3srgcj7kv3ytndm35s63z3x7e/lib;/spack/c7.3/base/spack/opt/spack/linux-rhel7-x86_64/gcc-4.8.5/mpich-3.2-oflbbgqt7vldspixp6naf2cpxxn3pken/lib;/spack/c7.3/base/spack/opt/spack/linux-rhel7-x86_64/gcc-4.8.5/git-2.11.0-dmu7e3lp5uhhs333bgwmer34vqyp7ybk/lib]
  implicit fwks: []




Detecting C [-std=c11] compiler features compiled with the following output:
Change Dir: /home/evalen/public/Fenix/CMakeFiles/CMakeTmp

Run Build Command:"/usr/bin/gmake" "cmTC_83ee7/fast"
gmake: Warning: File `Makefile' has modification time 0.055 s in the future
/usr/bin/gmake -f CMakeFiles/cmTC_83ee7.dir/build.make CMakeFiles/cmTC_83ee7.dir/build
gmake[1]: Entering directory `/home/evalen/public/Fenix/CMakeFiles/CMakeTmp'
gmake[1]: Warning: File `CMakeFiles/cmTC_83ee7.dir/flags.make' has modification time 0.046 s in the future
Building C object CMakeFiles/cmTC_83ee7.dir/feature_tests.c.o
/home/knteran/home-local/mpi-ulfm/bin/mpicc    -std=c11 -o CMakeFiles/cmTC_83ee7.dir/feature_tests.c.o   -c /home/evalen/public/Fenix/CMakeFiles/feature_tests.c
Linking C executable cmTC_83ee7
/spack/c7.3/base/spack/opt/spack/linux-rhel7-x86_64/gcc-4.8.5/cmake-3.6.1-zhy253bsepzz2fyst5nmlotw3eemciol/bin/cmake -E cmake_link_script CMakeFiles/cmTC_83ee7.dir/link.txt --verbose=1
/home/knteran/home-local/mpi-ulfm/bin/mpicc       CMakeFiles/cmTC_83ee7.dir/feature_tests.c.o  -o cmTC_83ee7 -rdynamic 
gmake[1]: warning:  Clock skew detected.  Your build may be incomplete.
gmake[1]: Leaving directory `/home/evalen/public/Fenix/CMakeFiles/CMakeTmp'
gmake: warning:  Clock skew detected.  Your build may be incomplete.


    Feature record: C_FEATURE:1c_function_prototypes
    Feature record: C_FEATURE:1c_restrict
    Feature record: C_FEATURE:1c_static_assert
    Feature record: C_FEATURE:1c_variadic_macros


Detecting C [-std=c99] compiler features compiled with the following output:
Change Dir: /home/evalen/public/Fenix/CMakeFiles/CMakeTmp

Run Build Command:"/usr/bin/gmake" "cmTC_7c908/fast"
gmake: Warning: File `Makefile' has modification time 0.059 s in the future
/usr/bin/gmake -f CMakeFiles/cmTC_7c908.dir/build.make CMakeFiles/cmTC_7c908.dir/build
gmake[1]: Entering directory `/home/evalen/public/Fenix/CMakeFiles/CMakeTmp'
gmake[1]: Warning: File `CMakeFiles/cmTC_7c908.dir/flags.make' has modification time 0.05 s in the future
Building C object CMakeFiles/cmTC_7c908.dir/feature_tests.c.o
/home/knteran/home-local/mpi-ulfm/bin/mpicc    -std=c99 -o CMakeFiles/cmTC_7c908.dir/feature_tests.c.o   -c /home/evalen/public/Fenix/CMakeFiles/feature_tests.c
Linking C executable cmTC_7c908
/spack/c7.3/base/spack/opt/spack/linux-rhel7-x86_64/gcc-4.8.5/cmake-3.6.1-zhy253bsepzz2fyst5nmlotw3eemciol/bin/cmake -E cmake_link_script CMakeFiles/cmTC_7c908.dir/link.txt --verbose=1
/home/knteran/home-local/mpi-ulfm/bin/mpicc       CMakeFiles/cmTC_7c908.dir/feature_tests.c.o  -o cmTC_7c908 -rdynamic 
gmake[1]: warning:  Clock skew detected.  Your build may be incomplete.
gmake[1]: Leaving directory `/home/evalen/public/Fenix/CMakeFiles/CMakeTmp'
gmake: warning:  Clock skew detected.  Your build may be incomplete.


    Feature record: C_FEATURE:1c_function_prototypes
    Feature record: C_FEATURE:1c_restrict
    Feature record: C_FEATURE:0c_static_assert
    Feature record: C_FEATURE:1c_variadic_macros


Detecting C [-std=c90] compiler features compiled with the following output:
Change Dir: /home/evalen/public/Fenix/CMakeFiles/CMakeTmp

Run Build Command:"/usr/bin/gmake" "cmTC_b95dd/fast"
gmake: Warning: File `Makefile' has modification time 0.05 s in the future
/usr/bin/gmake -f CMakeFiles/cmTC_b95dd.dir/build.make CMakeFiles/cmTC_b95dd.dir/build
gmake[1]: Entering directory `/home/evalen/public/Fenix/CMakeFiles/CMakeTmp'
gmake[1]: Warning: File `CMakeFiles/cmTC_b95dd.dir/flags.make' has modification time 0.042 s in the future
Building C object CMakeFiles/cmTC_b95dd.dir/feature_tests.c.o
/home/knteran/home-local/mpi-ulfm/bin/mpicc    -std=c90 -o CMakeFiles/cmTC_b95dd.dir/feature_tests.c.o   -c /home/evalen/public/Fenix/CMakeFiles/feature_tests.c
Linking C executable cmTC_b95dd
/spack/c7.3/base/spack/opt/spack/linux-rhel7-x86_64/gcc-4.8.5/cmake-3.6.1-zhy253bsepzz2fyst5nmlotw3eemciol/bin/cmake -E cmake_link_script CMakeFiles/cmTC_b95dd.dir/link.txt --verbose=1
/home/knteran/home-local/mpi-ulfm/bin/mpicc       CMakeFiles/cmTC_b95dd.dir/feature_tests.c.o  -o cmTC_b95dd -rdynamic 
gmake[1]: warning:  Clock skew detected.  Your build may be incomplete.
gmake[1]: Leaving directory `/home/evalen/public/Fenix/CMakeFiles/CMakeTmp'
gmake: warning:  Clock skew detected.  Your build may be incomplete.


    Feature record: C_FEATURE:1c_function_prototypes
    Feature record: C_FEATURE:0c_restrict
    Feature record: C_FEATURE:0c_static_assert
    Feature record: C_FEATURE:0c_variadic_macros
Determining if the CXX compiler works passed with the following output:
Change Dir: /home/evalen/public/Fenix/CMakeFiles/CMakeTmp

Run Build Command:"/usr/bin/gmake" "cmTC_db275/fast"
gmake: Warning: File `Makefile' has modification time 0.054 s in the future
/usr/bin/gmake -f CMakeFiles/cmTC_db275.dir/build.make CMakeFiles/cmTC_db275.dir/build
gmake[1]: Entering directory `/home/evalen/public/Fenix/CMakeFiles/CMakeTmp'
gmake[1]: Warning: File `CMakeFiles/cmTC_db275.dir/flags.make' has modification time 0.045 s in the future
Building CXX object CMakeFiles/cmTC_db275.dir/testCXXCompiler.cxx.o
/home/knteran/home-local/mpi-ulfm/bin/mpic++      -o CMakeFiles/cmTC_db275.dir/testCXXCompiler.cxx.o -c /home/evalen/public/Fenix/CMakeFiles/CMakeTmp/testCXXCompiler.cxx
Linking CXX executable cmTC_db275
/spack/c7.3/base/spack/opt/spack/linux-rhel7-x86_64/gcc-4.8.5/cmake-3.6.1-zhy253bsepzz2fyst5nmlotw3eemciol/bin/cmake -E cmake_link_script CMakeFiles/cmTC_db275.dir/link.txt --verbose=1
/home/knteran/home-local/mpi-ulfm/bin/mpic++        CMakeFiles/cmTC_db275.dir/testCXXCompiler.cxx.o  -o cmTC_db275 -rdynamic 
gmake[1]: warning:  Clock skew detected.  Your build may be incomplete.
gmake[1]: Leaving directory `/home/evalen/public/Fenix/CMakeFiles/CMakeTmp'
gmake: warning:  Clock skew detected.  Your build may be incomplete.


Detecting CXX compiler ABI info compiled with the following output:
Change Dir: /home/evalen/public/Fenix/CMakeFiles/CMakeTmp

Run Build Command:"/usr/bin/gmake" "cmTC_3c8b2/fast"
gmake: Warning: File `Makefile' has modification time 0.055 s in the future
/usr/bin/gmake -f CMakeFiles/cmTC_3c8b2.dir/build.make CMakeFiles/cmTC_3c8b2.dir/build
gmake[1]: Entering directory `/home/evalen/public/Fenix/CMakeFiles/CMakeTmp'
gmake[1]: Warning: File `CMakeFiles/cmTC_3c8b2.dir/flags.make' has modification time 0.046 s in the future
Building CXX object CMakeFiles/cmTC_3c8b2.dir/CMakeCXXCompilerABI.cpp.o
/home/knteran/home-local/mpi-ulfm/bin/mpic++      -o CMakeFiles/cmTC_3c8b2.dir/CMakeCXXCompilerABI.cpp.o -c /spack/c7.3/base/spack/opt/spack/linux-rhel7-x86_64/gcc-4.8.5/cmake-3.6.1-zhy253bsepzz2fyst5nmlotw3eemciol/share/cmake-3.6/Modules/CMakeCXXCompilerABI.cpp
Linking CXX executable cmTC_3c8b2
/spack/c7.3/base/spack/opt/spack/linux-rhel7-x86_64/gcc-4.8.5/cmake-3.6.1-zhy253bsepzz2fyst5nmlotw3eemciol/bin/cmake -E cmake_link_script CMakeFiles/cmTC_3c8b2.dir/link.txt --verbose=1
/home/knteran/home-local/mpi-ulfm/bin/mpic++       -v CMakeFiles/cmTC_3c8b2.dir/CMakeCXXCompilerABI.cpp.o  -o cmTC_3c8b2 -rdynamic  
Reading specs from /spack/c7.3/compilers-birch/spack/opt/spack/linux-rhel7-x86_64/gcc-4.8.5/gcc-6.2.0-p7ooz6rv3pmymvbjojrugp5vzrv2wi5d/lib64/gcc/x86_64-pc-linux-gnu/6.2.0/specs
COLLECT_GCC=/spack/c7.3/compilers-birch/spack/opt/spack/linux-rhel7-x86_64/gcc-4.8.5/gcc-6.2.0-p7ooz6rv3pmymvbjojrugp5vzrv2wi5d/bin/g++
COLLECT_LTO_WRAPPER=/spack/c7.3/compilers-birch/spack/opt/spack/linux-rhel7-x86_64/gcc-4.8.5/gcc-6.2.0-p7ooz6rv3pmymvbjojrugp5vzrv2wi5d/libexec/gcc/x86_64-pc-linux-gnu/6.2.0/lto-wrapper
Target: x86_64-pc-linux-gnu
Configured with: /spack/c7.3/compilers-birch/spack/var/spack/stage/gcc-6.2.0-p7ooz6rv3pmymvbjojrugp5vzrv2wi5d/gcc-6.2.0/configure --prefix=/spack/c7.3/compilers-birch/spack/opt/spack/linux-rhel7-x86_64/gcc-4.8.5/gcc-6.2.0-p7ooz6rv3pmymvbjojrugp5vzrv2wi5d --libdir=/spack/c7.3/compilers-birch/spack/opt/spack/linux-rhel7-x86_64/gcc-4.8.5/gcc-6.2.0-p7ooz6rv3pmymvbjojrugp5vzrv2wi5d/lib64 --disable-multilib --enable-languages=c,java,c++,fortran,objc,go --with-mpc=/spack/c7.3/compilers-birch/spack/opt/spack/linux-rhel7-x86_64/gcc-4.8.5/mpc-1.0.3-qzfzzkan5rjldrwas6jikmlyjc7x64fw --with-mpfr=/spack/c7.3/compilers-birch/spack/opt/spack/linux-rhel7-x86_64/gcc-4.8.5/mpfr-3.1.4-4kbiiezrp4nm73mzfuk7yynhmprjyfjm --with-gmp=/spack/c7.3/compilers-birch/spack/opt/spack/linux-rhel7-x86_64/gcc-4.8.5/gmp-6.1.1-7dv3orjwrg6fi23uqmxyx5vmayi4hq5p --enable-lto --with-quad --with-isl=/spack/c7.3/compilers-birch/spack/opt/spack/linux-rhel7-x86_64/gcc-4.8.5/isl-0.14-p2rz4odyk5ue3bhhkyce57oyl4eh6vp3
Thread model: posix
gcc version 6.2.0 (GCC) 
COMPILER_PATH=/spack/c7.3/compilers-birch/spack/opt/spack/linux-rhel7-x86_64/gcc-4.8.5/gcc-6.2.0-p7ooz6rv3pmymvbjojrugp5vzrv2wi5d/libexec/gcc/x86_64-pc-linux-gnu/6.2.0/:/spack/c7.3/compilers-birch/spack/opt/spack/linux-rhel7-x86_64/gcc-4.8.5/gcc-6.2.0-p7ooz6rv3pmymvbjojrugp5vzrv2wi5d/libexec/gcc/x86_64-pc-linux-gnu/6.2.0/:/spack/c7.3/compilers-birch/spack/opt/spack/linux-rhel7-x86_64/gcc-4.8.5/gcc-6.2.0-p7ooz6rv3pmymvbjojrugp5vzrv2wi5d/libexec/gcc/x86_64-pc-linux-gnu/:/spack/c7.3/compilers-birch/spack/opt/spack/linux-rhel7-x86_64/gcc-4.8.5/gcc-6.2.0-p7ooz6rv3pmymvbjojrugp5vzrv2wi5d/lib64/gcc/x86_64-pc-linux-gnu/6.2.0/:/spack/c7.3/compilers-birch/spack/opt/spack/linux-rhel7-x86_64/gcc-4.8.5/gcc-6.2.0-p7ooz6rv3pmymvbjojrugp5vzrv2wi5d/lib64/gcc/x86_64-pc-linux-gnu/
LIBRARY_PATH=/spack/c7.3/compilers-birch/spack/opt/spack/linux-rhel7-x86_64/gcc-4.8.5/gcc-6.2.0-p7ooz6rv3pmymvbjojrugp5vzrv2wi5d/lib64/../lib64/:/spack/c7.3/compilers-birch/spack/opt/spack/linux-rhel7-x86_64/gcc-4.8.5/gcc-6.2.0-p7ooz6rv3pmymvbjojrugp5vzrv2wi5d/lib64/gcc/x86_64-pc-linux-gnu/6.2.0/:/spack/c7.3/compilers-birch/spack/opt/spack/linux-rhel7-x86_64/gcc-4.8.5/gcc-6.2.0-p7ooz6rv3pmymvbjojrugp5vzrv2wi5d/lib64/gcc/x86_64-pc-linux-gnu/6.2.0/../../../../lib64/:/lib/../lib64/:/usr/lib/../lib64/:/spack/c7.3/base/spack/opt/spack/linux-rhel7-x86_64/gcc-4.8.5/googletest-1.7.0-s4qdqfhekk6i3ydxirrl6ro4f6lvf7cq/lib/:/spack/c7.3/compilers-birch/spack/opt/spack/linux-rhel7-x86_64/gcc-4.8.5/gcc-6.2.0-p7ooz6rv3pmymvbjojrugp5vzrv2wi5d/lib64/:/spack/c7.3/base/spack/opt/spack/linux-rhel7-x86_64/gcc-4.8.5/libtool-2.4.6-hnkxexo3srgcj7kv3ytndm35s63z3x7e/lib/:/spack/c7.3/base/spack/opt/spack/linux-rhel7-x86_64/gcc-4.8.5/mpich-3.2-oflbbgqt7vldspixp6naf2cpxxn3pken/lib/:/spack/c7.3/base/spack/opt/spack/linux-rhel7-x86_64/gcc-4.8.5/git-2.11.0-dmu7e3lp5uhhs333bgwmer34vqyp7ybk/lib/:/spack/c7.3/compilers-birch/spack/opt/spack/linux-rhel7-x86_64/gcc-4.8.5/gcc-6.2.0-p7ooz6rv3pmymvbjojrugp5vzrv2wi5d/lib64/gcc/x86_64-pc-linux-gnu/6.2.0/../../../:/lib/:/usr/lib/
COLLECT_GCC_OPTIONS='-v' '-o' 'cmTC_3c8b2' '-rdynamic' '-I' '/home/knteran/home-local/mpi-ulfm/include' '-pthread' '-L/home/knteran/home-local/mpi-ulfm/lib' '-shared-libgcc' '-mtune=generic' '-march=x86-64'
 /spack/c7.3/compilers-birch/spack/opt/spack/linux-rhel7-x86_64/gcc-4.8.5/gcc-6.2.0-p7ooz6rv3pmymvbjojrugp5vzrv2wi5d/libexec/gcc/x86_64-pc-linux-gnu/6.2.0/collect2 -plugin /spack/c7.3/compilers-birch/spack/opt/spack/linux-rhel7-x86_64/gcc-4.8.5/gcc-6.2.0-p7ooz6rv3pmymvbjojrugp5vzrv2wi5d/libexec/gcc/x86_64-pc-linux-gnu/6.2.0/liblto_plugin.so -plugin-opt=/spack/c7.3/compilers-birch/spack/opt/spack/linux-rhel7-x86_64/gcc-4.8.5/gcc-6.2.0-p7ooz6rv3pmymvbjojrugp5vzrv2wi5d/libexec/gcc/x86_64-pc-linux-gnu/6.2.0/lto-wrapper -plugin-opt=-fresolution=/tmp/ccnA68KU.res -plugin-opt=-pass-through=-lgcc_s -plugin-opt=-pass-through=-lgcc -plugin-opt=-pass-through=-lpthread -plugin-opt=-pass-through=-lc -plugin-opt=-pass-through=-lgcc_s -plugin-opt=-pass-through=-lgcc -rpath /spack/c7.3/compilers-birch/spack/opt/spack/linux-rhel7-x86_64/gcc-4.8.5/gcc-6.2.0-p7ooz6rv3pmymvbjojrugp5vzrv2wi5d/lib:/spack/c7.3/compilers-birch/spack/opt/spack/linux-rhel7-x86_64/gcc-4.8.5/gcc-6.2.0-p7ooz6rv3pmymvbjojrugp5vzrv2wi5d/lib64 --eh-frame-hdr -m elf_x86_64 -export-dynamic -dynamic-linker /lib64/ld-linux-x86-64.so.2 -o cmTC_3c8b2 /lib/../lib64/crt1.o /lib/../lib64/crti.o /spack/c7.3/compilers-birch/spack/opt/spack/linux-rhel7-x86_64/gcc-4.8.5/gcc-6.2.0-p7ooz6rv3pmymvbjojrugp5vzrv2wi5d/lib64/gcc/x86_64-pc-linux-gnu/6.2.0/crtbegin.o -L/home/knteran/home-local/mpi-ulfm/lib -L/spack/c7.3/compilers-birch/spack/opt/spack/linux-rhel7-x86_64/gcc-4.8.5/gcc-6.2.0-p7ooz6rv3pmymvbjojrugp5vzrv2wi5d/lib64/../lib64 -L/spack/c7.3/compilers-birch/spack/opt/spack/linux-rhel7-x86_64/gcc-4.8.5/gcc-6.2.0-p7ooz6rv3pmymvbjojrugp5vzrv2wi5d/lib64/gcc/x86_64-pc-linux-gnu/6.2.0 -L/spack/c7.3/compilers-birch/spack/opt/spack/linux-rhel7-x86_64/gcc-4.8.5/gcc-6.2.0-p7ooz6rv3pmymvbjojrugp5vzrv2wi5d/lib64/gcc/x86_64-pc-linux-gnu/6.2.0/../../../../lib64 -L/lib/../lib64 -L/usr/lib/../lib64 -L/spack/c7.3/base/spack/opt/spack/linux-rhel7-x86_64/gcc-4.8.5/googletest-1.7.0-s4qdqfhekk6i3ydxirrl6ro4f6lvf7cq/lib -L/spack/c7.3/compilers-birch/spack/opt/spack/linux-rhel7-x86_64/gcc-4.8.5/gcc-6.2.0-p7ooz6rv3pmymvbjojrugp5vzrv2wi5d/lib64 -L/spack/c7.3/base/spack/opt/spack/linux-rhel7-x86_64/gcc-4.8.5/libtool-2.4.6-hnkxexo3srgcj7kv3ytndm35s63z3x7e/lib -L/spack/c7.3/base/spack/opt/spack/linux-rhel7-x86_64/gcc-4.8.5/mpich-3.2-oflbbgqt7vldspixp6naf2cpxxn3pken/lib -L/spack/c7.3/base/spack/opt/spack/linux-rhel7-x86_64/gcc-4.8.5/git-2.11.0-dmu7e3lp5uhhs333bgwmer34vqyp7ybk/lib -L/spack/c7.3/compilers-birch/spack/opt/spack/linux-rhel7-x86_64/gcc-4.8.5/gcc-6.2.0-p7ooz6rv3pmymvbjojrugp5vzrv2wi5d/lib64/gcc/x86_64-pc-linux-gnu/6.2.0/../../.. CMakeFiles/cmTC_3c8b2.dir/CMakeCXXCompilerABI.cpp.o -lmpi_cxx -lmpi -ldl --export-dynamic -lrt -lnsl -lutil -lm -ldl -lstdc++ -lm -lgcc_s -lgcc -lpthread -lc -lgcc_s -lgcc /spack/c7.3/compilers-birch/spack/opt/spack/linux-rhel7-x86_64/gcc-4.8.5/gcc-6.2.0-p7ooz6rv3pmymvbjojrugp5vzrv2wi5d/lib64/gcc/x86_64-pc-linux-gnu/6.2.0/crtend.o /lib/../lib64/crtn.o
COLLECT_GCC_OPTIONS='-v' '-o' 'cmTC_3c8b2' '-rdynamic' '-I' '/home/knteran/home-local/mpi-ulfm/include' '-pthread' '-L/home/knteran/home-local/mpi-ulfm/lib' '-shared-libgcc' '-mtune=generic' '-march=x86-64'
gmake[1]: warning:  Clock skew detected.  Your build may be incomplete.
gmake[1]: Leaving directory `/home/evalen/public/Fenix/CMakeFiles/CMakeTmp'
gmake: warning:  Clock skew detected.  Your build may be incomplete.


Parsed CXX implicit link information from above output:
  link line regex: [^( *|.*[/\])(ld|([^/\]+-)?ld|collect2)[^/\]*( |$)]
  ignore line: [Change Dir: /home/evalen/public/Fenix/CMakeFiles/CMakeTmp]
  ignore line: []
  ignore line: [Run Build Command:"/usr/bin/gmake" "cmTC_3c8b2/fast"]
  ignore line: [gmake: Warning: File `Makefile' has modification time 0.055 s in the future]
  ignore line: [/usr/bin/gmake -f CMakeFiles/cmTC_3c8b2.dir/build.make CMakeFiles/cmTC_3c8b2.dir/build]
  ignore line: [gmake[1]: Entering directory `/home/evalen/public/Fenix/CMakeFiles/CMakeTmp']
  ignore line: [gmake[1]: Warning: File `CMakeFiles/cmTC_3c8b2.dir/flags.make' has modification time 0.046 s in the future]
  ignore line: [Building CXX object CMakeFiles/cmTC_3c8b2.dir/CMakeCXXCompilerABI.cpp.o]
  ignore line: [/home/knteran/home-local/mpi-ulfm/bin/mpic++      -o CMakeFiles/cmTC_3c8b2.dir/CMakeCXXCompilerABI.cpp.o -c /spack/c7.3/base/spack/opt/spack/linux-rhel7-x86_64/gcc-4.8.5/cmake-3.6.1-zhy253bsepzz2fyst5nmlotw3eemciol/share/cmake-3.6/Modules/CMakeCXXCompilerABI.cpp]
  ignore line: [Linking CXX executable cmTC_3c8b2]
  ignore line: [/spack/c7.3/base/spack/opt/spack/linux-rhel7-x86_64/gcc-4.8.5/cmake-3.6.1-zhy253bsepzz2fyst5nmlotw3eemciol/bin/cmake -E cmake_link_script CMakeFiles/cmTC_3c8b2.dir/link.txt --verbose=1]
  ignore line: [/home/knteran/home-local/mpi-ulfm/bin/mpic++       -v CMakeFiles/cmTC_3c8b2.dir/CMakeCXXCompilerABI.cpp.o  -o cmTC_3c8b2 -rdynamic  ]
  ignore line: [Reading specs from /spack/c7.3/compilers-birch/spack/opt/spack/linux-rhel7-x86_64/gcc-4.8.5/gcc-6.2.0-p7ooz6rv3pmymvbjojrugp5vzrv2wi5d/lib64/gcc/x86_64-pc-linux-gnu/6.2.0/specs]
  ignore line: [COLLECT_GCC=/spack/c7.3/compilers-birch/spack/opt/spack/linux-rhel7-x86_64/gcc-4.8.5/gcc-6.2.0-p7ooz6rv3pmymvbjojrugp5vzrv2wi5d/bin/g++]
  ignore line: [COLLECT_LTO_WRAPPER=/spack/c7.3/compilers-birch/spack/opt/spack/linux-rhel7-x86_64/gcc-4.8.5/gcc-6.2.0-p7ooz6rv3pmymvbjojrugp5vzrv2wi5d/libexec/gcc/x86_64-pc-linux-gnu/6.2.0/lto-wrapper]
  ignore line: [Target: x86_64-pc-linux-gnu]
  ignore line: [Configured with: /spack/c7.3/compilers-birch/spack/var/spack/stage/gcc-6.2.0-p7ooz6rv3pmymvbjojrugp5vzrv2wi5d/gcc-6.2.0/configure --prefix=/spack/c7.3/compilers-birch/spack/opt/spack/linux-rhel7-x86_64/gcc-4.8.5/gcc-6.2.0-p7ooz6rv3pmymvbjojrugp5vzrv2wi5d --libdir=/spack/c7.3/compilers-birch/spack/opt/spack/linux-rhel7-x86_64/gcc-4.8.5/gcc-6.2.0-p7ooz6rv3pmymvbjojrugp5vzrv2wi5d/lib64 --disable-multilib --enable-languages=c,java,c++,fortran,objc,go --with-mpc=/spack/c7.3/compilers-birch/spack/opt/spack/linux-rhel7-x86_64/gcc-4.8.5/mpc-1.0.3-qzfzzkan5rjldrwas6jikmlyjc7x64fw --with-mpfr=/spack/c7.3/compilers-birch/spack/opt/spack/linux-rhel7-x86_64/gcc-4.8.5/mpfr-3.1.4-4kbiiezrp4nm73mzfuk7yynhmprjyfjm --with-gmp=/spack/c7.3/compilers-birch/spack/opt/spack/linux-rhel7-x86_64/gcc-4.8.5/gmp-6.1.1-7dv3orjwrg6fi23uqmxyx5vmayi4hq5p --enable-lto --with-quad --with-isl=/spack/c7.3/compilers-birch/spack/opt/spack/linux-rhel7-x86_64/gcc-4.8.5/isl-0.14-p2rz4odyk5ue3bhhkyce57oyl4eh6vp3]
  ignore line: [Thread model: posix]
  ignore line: [gcc version 6.2.0 (GCC) ]
  ignore line: [COMPILER_PATH=/spack/c7.3/compilers-birch/spack/opt/spack/linux-rhel7-x86_64/gcc-4.8.5/gcc-6.2.0-p7ooz6rv3pmymvbjojrugp5vzrv2wi5d/libexec/gcc/x86_64-pc-linux-gnu/6.2.0/:/spack/c7.3/compilers-birch/spack/opt/spack/linux-rhel7-x86_64/gcc-4.8.5/gcc-6.2.0-p7ooz6rv3pmymvbjojrugp5vzrv2wi5d/libexec/gcc/x86_64-pc-linux-gnu/6.2.0/:/spack/c7.3/compilers-birch/spack/opt/spack/linux-rhel7-x86_64/gcc-4.8.5/gcc-6.2.0-p7ooz6rv3pmymvbjojrugp5vzrv2wi5d/libexec/gcc/x86_64-pc-linux-gnu/:/spack/c7.3/compilers-birch/spack/opt/spack/linux-rhel7-x86_64/gcc-4.8.5/gcc-6.2.0-p7ooz6rv3pmymvbjojrugp5vzrv2wi5d/lib64/gcc/x86_64-pc-linux-gnu/6.2.0/:/spack/c7.3/compilers-birch/spack/opt/spack/linux-rhel7-x86_64/gcc-4.8.5/gcc-6.2.0-p7ooz6rv3pmymvbjojrugp5vzrv2wi5d/lib64/gcc/x86_64-pc-linux-gnu/]
  ignore line: [LIBRARY_PATH=/spack/c7.3/compilers-birch/spack/opt/spack/linux-rhel7-x86_64/gcc-4.8.5/gcc-6.2.0-p7ooz6rv3pmymvbjojrugp5vzrv2wi5d/lib64/../lib64/:/spack/c7.3/compilers-birch/spack/opt/spack/linux-rhel7-x86_64/gcc-4.8.5/gcc-6.2.0-p7ooz6rv3pmymvbjojrugp5vzrv2wi5d/lib64/gcc/x86_64-pc-linux-gnu/6.2.0/:/spack/c7.3/compilers-birch/spack/opt/spack/linux-rhel7-x86_64/gcc-4.8.5/gcc-6.2.0-p7ooz6rv3pmymvbjojrugp5vzrv2wi5d/lib64/gcc/x86_64-pc-linux-gnu/6.2.0/../../../../lib64/:/lib/../lib64/:/usr/lib/../lib64/:/spack/c7.3/base/spack/opt/spack/linux-rhel7-x86_64/gcc-4.8.5/googletest-1.7.0-s4qdqfhekk6i3ydxirrl6ro4f6lvf7cq/lib/:/spack/c7.3/compilers-birch/spack/opt/spack/linux-rhel7-x86_64/gcc-4.8.5/gcc-6.2.0-p7ooz6rv3pmymvbjojrugp5vzrv2wi5d/lib64/:/spack/c7.3/base/spack/opt/spack/linux-rhel7-x86_64/gcc-4.8.5/libtool-2.4.6-hnkxexo3srgcj7kv3ytndm35s63z3x7e/lib/:/spack/c7.3/base/spack/opt/spack/linux-rhel7-x86_64/gcc-4.8.5/mpich-3.2-oflbbgqt7vldspixp6naf2cpxxn3pken/lib/:/spack/c7.3/base/spack/opt/spack/linux-rhel7-x86_64/gcc-4.8.5/git-2.11.0-dmu7e3lp5uhhs333bgwmer34vqyp7ybk/lib/:/spack/c7.3/compilers-birch/spack/opt/spack/linux-rhel7-x86_64/gcc-4.8.5/gcc-6.2.0-p7ooz6rv3pmymvbjojrugp5vzrv2wi5d/lib64/gcc/x86_64-pc-linux-gnu/6.2.0/../../../:/lib/:/usr/lib/]
  ignore line: [COLLECT_GCC_OPTIONS='-v' '-o' 'cmTC_3c8b2' '-rdynamic' '-I' '/home/knteran/home-local/mpi-ulfm/include' '-pthread' '-L/home/knteran/home-local/mpi-ulfm/lib' '-shared-libgcc' '-mtune=generic' '-march=x86-64']
  link line: [ /spack/c7.3/compilers-birch/spack/opt/spack/linux-rhel7-x86_64/gcc-4.8.5/gcc-6.2.0-p7ooz6rv3pmymvbjojrugp5vzrv2wi5d/libexec/gcc/x86_64-pc-linux-gnu/6.2.0/collect2 -plugin /spack/c7.3/compilers-birch/spack/opt/spack/linux-rhel7-x86_64/gcc-4.8.5/gcc-6.2.0-p7ooz6rv3pmymvbjojrugp5vzrv2wi5d/libexec/gcc/x86_64-pc-linux-gnu/6.2.0/liblto_plugin.so -plugin-opt=/spack/c7.3/compilers-birch/spack/opt/spack/linux-rhel7-x86_64/gcc-4.8.5/gcc-6.2.0-p7ooz6rv3pmymvbjojrugp5vzrv2wi5d/libexec/gcc/x86_64-pc-linux-gnu/6.2.0/lto-wrapper -plugin-opt=-fresolution=/tmp/ccnA68KU.res -plugin-opt=-pass-through=-lgcc_s -plugin-opt=-pass-through=-lgcc -plugin-opt=-pass-through=-lpthread -plugin-opt=-pass-through=-lc -plugin-opt=-pass-through=-lgcc_s -plugin-opt=-pass-through=-lgcc -rpath /spack/c7.3/compilers-birch/spack/opt/spack/linux-rhel7-x86_64/gcc-4.8.5/gcc-6.2.0-p7ooz6rv3pmymvbjojrugp5vzrv2wi5d/lib:/spack/c7.3/compilers-birch/spack/opt/spack/linux-rhel7-x86_64/gcc-4.8.5/gcc-6.2.0-p7ooz6rv3pmymvbjojrugp5vzrv2wi5d/lib64 --eh-frame-hdr -m elf_x86_64 -export-dynamic -dynamic-linker /lib64/ld-linux-x86-64.so.2 -o cmTC_3c8b2 /lib/../lib64/crt1.o /lib/../lib64/crti.o /spack/c7.3/compilers-birch/spack/opt/spack/linux-rhel7-x86_64/gcc-4.8.5/gcc-6.2.0-p7ooz6rv3pmymvbjojrugp5vzrv2wi5d/lib64/gcc/x86_64-pc-linux-gnu/6.2.0/crtbegin.o -L/home/knteran/home-local/mpi-ulfm/lib -L/spack/c7.3/compilers-birch/spack/opt/spack/linux-rhel7-x86_64/gcc-4.8.5/gcc-6.2.0-p7ooz6rv3pmymvbjojrugp5vzrv2wi5d/lib64/../lib64 -L/spack/c7.3/compilers-birch/spack/opt/spack/linux-rhel7-x86_64/gcc-4.8.5/gcc-6.2.0-p7ooz6rv3pmymvbjojrugp5vzrv2wi5d/lib64/gcc/x86_64-pc-linux-gnu/6.2.0 -L/spack/c7.3/compilers-birch/spack/opt/spack/linux-rhel7-x86_64/gcc-4.8.5/gcc-6.2.0-p7ooz6rv3pmymvbjojrugp5vzrv2wi5d/lib64/gcc/x86_64-pc-linux-gnu/6.2.0/../../../../lib64 -L/lib/../lib64 -L/usr/lib/../lib64 -L/spack/c7.3/base/spack/opt/spack/linux-rhel7-x86_64/gcc-4.8.5/googletest-1.7.0-s4qdqfhekk6i3ydxirrl6ro4f6lvf7cq/lib -L/spack/c7.3/compilers-birch/spack/opt/spack/linux-rhel7-x86_64/gcc-4.8.5/gcc-6.2.0-p7ooz6rv3pmymvbjojrugp5vzrv2wi5d/lib64 -L/spack/c7.3/base/spack/opt/spack/linux-rhel7-x86_64/gcc-4.8.5/libtool-2.4.6-hnkxexo3srgcj7kv3ytndm35s63z3x7e/lib -L/spack/c7.3/base/spack/opt/spack/linux-rhel7-x86_64/gcc-4.8.5/mpich-3.2-oflbbgqt7vldspixp6naf2cpxxn3pken/lib -L/spack/c7.3/base/spack/opt/spack/linux-rhel7-x86_64/gcc-4.8.5/git-2.11.0-dmu7e3lp5uhhs333bgwmer34vqyp7ybk/lib -L/spack/c7.3/compilers-birch/spack/opt/spack/linux-rhel7-x86_64/gcc-4.8.5/gcc-6.2.0-p7ooz6rv3pmymvbjojrugp5vzrv2wi5d/lib64/gcc/x86_64-pc-linux-gnu/6.2.0/../../.. CMakeFiles/cmTC_3c8b2.dir/CMakeCXXCompilerABI.cpp.o -lmpi_cxx -lmpi -ldl --export-dynamic -lrt -lnsl -lutil -lm -ldl -lstdc++ -lm -lgcc_s -lgcc -lpthread -lc -lgcc_s -lgcc /spack/c7.3/compilers-birch/spack/opt/spack/linux-rhel7-x86_64/gcc-4.8.5/gcc-6.2.0-p7ooz6rv3pmymvbjojrugp5vzrv2wi5d/lib64/gcc/x86_64-pc-linux-gnu/6.2.0/crtend.o /lib/../lib64/crtn.o]
    arg [/spack/c7.3/compilers-birch/spack/opt/spack/linux-rhel7-x86_64/gcc-4.8.5/gcc-6.2.0-p7ooz6rv3pmymvbjojrugp5vzrv2wi5d/libexec/gcc/x86_64-pc-linux-gnu/6.2.0/collect2] ==> ignore
    arg [-plugin] ==> ignore
    arg [/spack/c7.3/compilers-birch/spack/opt/spack/linux-rhel7-x86_64/gcc-4.8.5/gcc-6.2.0-p7ooz6rv3pmymvbjojrugp5vzrv2wi5d/libexec/gcc/x86_64-pc-linux-gnu/6.2.0/liblto_plugin.so] ==> ignore
    arg [-plugin-opt=/spack/c7.3/compilers-birch/spack/opt/spack/linux-rhel7-x86_64/gcc-4.8.5/gcc-6.2.0-p7ooz6rv3pmymvbjojrugp5vzrv2wi5d/libexec/gcc/x86_64-pc-linux-gnu/6.2.0/lto-wrapper] ==> ignore
    arg [-plugin-opt=-fresolution=/tmp/ccnA68KU.res] ==> ignore
    arg [-plugin-opt=-pass-through=-lgcc_s] ==> ignore
    arg [-plugin-opt=-pass-through=-lgcc] ==> ignore
    arg [-plugin-opt=-pass-through=-lpthread] ==> ignore
    arg [-plugin-opt=-pass-through=-lc] ==> ignore
    arg [-plugin-opt=-pass-through=-lgcc_s] ==> ignore
    arg [-plugin-opt=-pass-through=-lgcc] ==> ignore
    arg [-rpath] ==> ignore
    arg [/spack/c7.3/compilers-birch/spack/opt/spack/linux-rhel7-x86_64/gcc-4.8.5/gcc-6.2.0-p7ooz6rv3pmymvbjojrugp5vzrv2wi5d/lib:/spack/c7.3/compilers-birch/spack/opt/spack/linux-rhel7-x86_64/gcc-4.8.5/gcc-6.2.0-p7ooz6rv3pmymvbjojrugp5vzrv2wi5d/lib64] ==> ignore
    arg [--eh-frame-hdr] ==> ignore
    arg [-m] ==> ignore
    arg [elf_x86_64] ==> ignore
    arg [-export-dynamic] ==> ignore
    arg [-dynamic-linker] ==> ignore
    arg [/lib64/ld-linux-x86-64.so.2] ==> ignore
    arg [-o] ==> ignore
    arg [cmTC_3c8b2] ==> ignore
    arg [/lib/../lib64/crt1.o] ==> ignore
    arg [/lib/../lib64/crti.o] ==> ignore
    arg [/spack/c7.3/compilers-birch/spack/opt/spack/linux-rhel7-x86_64/gcc-4.8.5/gcc-6.2.0-p7ooz6rv3pmymvbjojrugp5vzrv2wi5d/lib64/gcc/x86_64-pc-linux-gnu/6.2.0/crtbegin.o] ==> ignore
    arg [-L/home/knteran/home-local/mpi-ulfm/lib] ==> dir [/home/knteran/home-local/mpi-ulfm/lib]
    arg [-L/spack/c7.3/compilers-birch/spack/opt/spack/linux-rhel7-x86_64/gcc-4.8.5/gcc-6.2.0-p7ooz6rv3pmymvbjojrugp5vzrv2wi5d/lib64/../lib64] ==> dir [/spack/c7.3/compilers-birch/spack/opt/spack/linux-rhel7-x86_64/gcc-4.8.5/gcc-6.2.0-p7ooz6rv3pmymvbjojrugp5vzrv2wi5d/lib64/../lib64]
    arg [-L/spack/c7.3/compilers-birch/spack/opt/spack/linux-rhel7-x86_64/gcc-4.8.5/gcc-6.2.0-p7ooz6rv3pmymvbjojrugp5vzrv2wi5d/lib64/gcc/x86_64-pc-linux-gnu/6.2.0] ==> dir [/spack/c7.3/compilers-birch/spack/opt/spack/linux-rhel7-x86_64/gcc-4.8.5/gcc-6.2.0-p7ooz6rv3pmymvbjojrugp5vzrv2wi5d/lib64/gcc/x86_64-pc-linux-gnu/6.2.0]
    arg [-L/spack/c7.3/compilers-birch/spack/opt/spack/linux-rhel7-x86_64/gcc-4.8.5/gcc-6.2.0-p7ooz6rv3pmymvbjojrugp5vzrv2wi5d/lib64/gcc/x86_64-pc-linux-gnu/6.2.0/../../../../lib64] ==> dir [/spack/c7.3/compilers-birch/spack/opt/spack/linux-rhel7-x86_64/gcc-4.8.5/gcc-6.2.0-p7ooz6rv3pmymvbjojrugp5vzrv2wi5d/lib64/gcc/x86_64-pc-linux-gnu/6.2.0/../../../../lib64]
    arg [-L/lib/../lib64] ==> dir [/lib/../lib64]
    arg [-L/usr/lib/../lib64] ==> dir [/usr/lib/../lib64]
    arg [-L/spack/c7.3/base/spack/opt/spack/linux-rhel7-x86_64/gcc-4.8.5/googletest-1.7.0-s4qdqfhekk6i3ydxirrl6ro4f6lvf7cq/lib] ==> dir [/spack/c7.3/base/spack/opt/spack/linux-rhel7-x86_64/gcc-4.8.5/googletest-1.7.0-s4qdqfhekk6i3ydxirrl6ro4f6lvf7cq/lib]
    arg [-L/spack/c7.3/compilers-birch/spack/opt/spack/linux-rhel7-x86_64/gcc-4.8.5/gcc-6.2.0-p7ooz6rv3pmymvbjojrugp5vzrv2wi5d/lib64] ==> dir [/spack/c7.3/compilers-birch/spack/opt/spack/linux-rhel7-x86_64/gcc-4.8.5/gcc-6.2.0-p7ooz6rv3pmymvbjojrugp5vzrv2wi5d/lib64]
    arg [-L/spack/c7.3/base/spack/opt/spack/linux-rhel7-x86_64/gcc-4.8.5/libtool-2.4.6-hnkxexo3srgcj7kv3ytndm35s63z3x7e/lib] ==> dir [/spack/c7.3/base/spack/opt/spack/linux-rhel7-x86_64/gcc-4.8.5/libtool-2.4.6-hnkxexo3srgcj7kv3ytndm35s63z3x7e/lib]
    arg [-L/spack/c7.3/base/spack/opt/spack/linux-rhel7-x86_64/gcc-4.8.5/mpich-3.2-oflbbgqt7vldspixp6naf2cpxxn3pken/lib] ==> dir [/spack/c7.3/base/spack/opt/spack/linux-rhel7-x86_64/gcc-4.8.5/mpich-3.2-oflbbgqt7vldspixp6naf2cpxxn3pken/lib]
    arg [-L/spack/c7.3/base/spack/opt/spack/linux-rhel7-x86_64/gcc-4.8.5/git-2.11.0-dmu7e3lp5uhhs333bgwmer34vqyp7ybk/lib] ==> dir [/spack/c7.3/base/spack/opt/spack/linux-rhel7-x86_64/gcc-4.8.5/git-2.11.0-dmu7e3lp5uhhs333bgwmer34vqyp7ybk/lib]
    arg [-L/spack/c7.3/compilers-birch/spack/opt/spack/linux-rhel7-x86_64/gcc-4.8.5/gcc-6.2.0-p7ooz6rv3pmymvbjojrugp5vzrv2wi5d/lib64/gcc/x86_64-pc-linux-gnu/6.2.0/../../..] ==> dir [/spack/c7.3/compilers-birch/spack/opt/spack/linux-rhel7-x86_64/gcc-4.8.5/gcc-6.2.0-p7ooz6rv3pmymvbjojrugp5vzrv2wi5d/lib64/gcc/x86_64-pc-linux-gnu/6.2.0/../../..]
    arg [CMakeFiles/cmTC_3c8b2.dir/CMakeCXXCompilerABI.cpp.o] ==> ignore
    arg [-lmpi_cxx] ==> lib [mpi_cxx]
    arg [-lmpi] ==> lib [mpi]
    arg [-ldl] ==> lib [dl]
    arg [--export-dynamic] ==> ignore
    arg [-lrt] ==> lib [rt]
    arg [-lnsl] ==> lib [nsl]
    arg [-lutil] ==> lib [util]
    arg [-lm] ==> lib [m]
    arg [-ldl] ==> lib [dl]
    arg [-lstdc++] ==> lib [stdc++]
    arg [-lm] ==> lib [m]
    arg [-lgcc_s] ==> lib [gcc_s]
    arg [-lgcc] ==> lib [gcc]
    arg [-lpthread] ==> lib [pthread]
    arg [-lc] ==> lib [c]
    arg [-lgcc_s] ==> lib [gcc_s]
    arg [-lgcc] ==> lib [gcc]
    arg [/spack/c7.3/compilers-birch/spack/opt/spack/linux-rhel7-x86_64/gcc-4.8.5/gcc-6.2.0-p7ooz6rv3pmymvbjojrugp5vzrv2wi5d/lib64/gcc/x86_64-pc-linux-gnu/6.2.0/crtend.o] ==> ignore
    arg [/lib/../lib64/crtn.o] ==> ignore
  remove lib [gcc_s]
  remove lib [gcc]
  remove lib [gcc_s]
  remove lib [gcc]
  collapse library dir [/home/knteran/home-local/mpi-ulfm/lib] ==> [/home/knteran/home-local/mpi-ulfm/lib]
  collapse library dir [/spack/c7.3/compilers-birch/spack/opt/spack/linux-rhel7-x86_64/gcc-4.8.5/gcc-6.2.0-p7ooz6rv3pmymvbjojrugp5vzrv2wi5d/lib64/../lib64] ==> [/spack/c7.3/compilers-birch/spack/opt/spack/linux-rhel7-x86_64/gcc-4.8.5/gcc-6.2.0-p7ooz6rv3pmymvbjojrugp5vzrv2wi5d/lib64]
  collapse library dir [/spack/c7.3/compilers-birch/spack/opt/spack/linux-rhel7-x86_64/gcc-4.8.5/gcc-6.2.0-p7ooz6rv3pmymvbjojrugp5vzrv2wi5d/lib64/gcc/x86_64-pc-linux-gnu/6.2.0] ==> [/spack/c7.3/compilers-birch/spack/opt/spack/linux-rhel7-x86_64/gcc-4.8.5/gcc-6.2.0-p7ooz6rv3pmymvbjojrugp5vzrv2wi5d/lib64/gcc/x86_64-pc-linux-gnu/6.2.0]
  collapse library dir [/spack/c7.3/compilers-birch/spack/opt/spack/linux-rhel7-x86_64/gcc-4.8.5/gcc-6.2.0-p7ooz6rv3pmymvbjojrugp5vzrv2wi5d/lib64/gcc/x86_64-pc-linux-gnu/6.2.0/../../../../lib64] ==> [/spack/c7.3/compilers-birch/spack/opt/spack/linux-rhel7-x86_64/gcc-4.8.5/gcc-6.2.0-p7ooz6rv3pmymvbjojrugp5vzrv2wi5d/lib64]
  collapse library dir [/lib/../lib64] ==> [/lib64]
  collapse library dir [/usr/lib/../lib64] ==> [/usr/lib64]
  collapse library dir [/spack/c7.3/base/spack/opt/spack/linux-rhel7-x86_64/gcc-4.8.5/googletest-1.7.0-s4qdqfhekk6i3ydxirrl6ro4f6lvf7cq/lib] ==> [/spack/c7.3/base/spack/opt/spack/linux-rhel7-x86_64/gcc-4.8.5/googletest-1.7.0-s4qdqfhekk6i3ydxirrl6ro4f6lvf7cq/lib]
  collapse library dir [/spack/c7.3/compilers-birch/spack/opt/spack/linux-rhel7-x86_64/gcc-4.8.5/gcc-6.2.0-p7ooz6rv3pmymvbjojrugp5vzrv2wi5d/lib64] ==> [/spack/c7.3/compilers-birch/spack/opt/spack/linux-rhel7-x86_64/gcc-4.8.5/gcc-6.2.0-p7ooz6rv3pmymvbjojrugp5vzrv2wi5d/lib64]
  collapse library dir [/spack/c7.3/base/spack/opt/spack/linux-rhel7-x86_64/gcc-4.8.5/libtool-2.4.6-hnkxexo3srgcj7kv3ytndm35s63z3x7e/lib] ==> [/spack/c7.3/base/spack/opt/spack/linux-rhel7-x86_64/gcc-4.8.5/libtool-2.4.6-hnkxexo3srgcj7kv3ytndm35s63z3x7e/lib]
  collapse library dir [/spack/c7.3/base/spack/opt/spack/linux-rhel7-x86_64/gcc-4.8.5/mpich-3.2-oflbbgqt7vldspixp6naf2cpxxn3pken/lib] ==> [/spack/c7.3/base/spack/opt/spack/linux-rhel7-x86_64/gcc-4.8.5/mpich-3.2-oflbbgqt7vldspixp6naf2cpxxn3pken/lib]
  collapse library dir [/spack/c7.3/base/spack/opt/spack/linux-rhel7-x86_64/gcc-4.8.5/git-2.11.0-dmu7e3lp5uhhs333bgwmer34vqyp7ybk/lib] ==> [/spack/c7.3/base/spack/opt/spack/linux-rhel7-x86_64/gcc-4.8.5/git-2.11.0-dmu7e3lp5uhhs333bgwmer34vqyp7ybk/lib]
  collapse library dir [/spack/c7.3/compilers-birch/spack/opt/spack/linux-rhel7-x86_64/gcc-4.8.5/gcc-6.2.0-p7ooz6rv3pmymvbjojrugp5vzrv2wi5d/lib64/gcc/x86_64-pc-linux-gnu/6.2.0/../../..] ==> [/spack/c7.3/compilers-birch/spack/opt/spack/linux-rhel7-x86_64/gcc-4.8.5/gcc-6.2.0-p7ooz6rv3pmymvbjojrugp5vzrv2wi5d/lib64]
  implicit libs: [mpi_cxx;mpi;dl;rt;nsl;util;m;dl;stdc++;m;pthread;c]
  implicit dirs: [/home/knteran/home-local/mpi-ulfm/lib;/spack/c7.3/compilers-birch/spack/opt/spack/linux-rhel7-x86_64/gcc-4.8.5/gcc-6.2.0-p7ooz6rv3pmymvbjojrugp5vzrv2wi5d/lib64;/spack/c7.3/compilers-birch/spack/opt/spack/linux-rhel7-x86_64/gcc-4.8.5/gcc-6.2.0-p7ooz6rv3pmymvbjojrugp5vzrv2wi5d/lib64/gcc/x86_64-pc-linux-gnu/6.2.0;/lib64;/usr/lib64;/spack/c7.3/base/spack/opt/spack/linux-rhel7-x86_64/gcc-4.8.5/googletest-1.7.0-s4qdqfhekk6i3ydxirrl6ro4f6lvf7cq/lib;/spack/c7.3/base/spack/opt/spack/linux-rhel7-x86_64/gcc-4.8.5/libtool-2.4.6-hnkxexo3srgcj7kv3ytndm35s63z3x7e/lib;/spack/c7.3/base/spack/opt/spack/linux-rhel7-x86_64/gcc-4.8.5/mpich-3.2-oflbbgqt7vldspixp6naf2cpxxn3pken/lib;/spack/c7.3/base/spack/opt/spack/linux-rhel7-x86_64/gcc-4.8.5/git-2.11.0-dmu7e3lp5uhhs333bgwmer34vqyp7ybk/lib]
  implicit fwks: []




Detecting CXX [-std=c++14] compiler features compiled with the following output:
Change Dir: /home/evalen/public/Fenix/CMakeFiles/CMakeTmp

Run Build Command:"/usr/bin/gmake" "cmTC_08ed9/fast"
gmake: Warning: File `Makefile' has modification time 0.056 s in the future
/usr/bin/gmake -f CMakeFiles/cmTC_08ed9.dir/build.make CMakeFiles/cmTC_08ed9.dir/build
gmake[1]: Entering directory `/home/evalen/public/Fenix/CMakeFiles/CMakeTmp'
gmake[1]: Warning: File `CMakeFiles/cmTC_08ed9.dir/flags.make' has modification time 0.048 s in the future
Building CXX object CMakeFiles/cmTC_08ed9.dir/feature_tests.cxx.o
/home/knteran/home-local/mpi-ulfm/bin/mpic++     -std=c++14 -o CMakeFiles/cmTC_08ed9.dir/feature_tests.cxx.o -c /home/evalen/public/Fenix/CMakeFiles/feature_tests.cxx
Linking CXX executable cmTC_08ed9
/spack/c7.3/base/spack/opt/spack/linux-rhel7-x86_64/gcc-4.8.5/cmake-3.6.1-zhy253bsepzz2fyst5nmlotw3eemciol/bin/cmake -E cmake_link_script CMakeFiles/cmTC_08ed9.dir/link.txt --verbose=1
/home/knteran/home-local/mpi-ulfm/bin/mpic++        CMakeFiles/cmTC_08ed9.dir/feature_tests.cxx.o  -o cmTC_08ed9 -rdynamic 
gmake[1]: warning:  Clock skew detected.  Your build may be incomplete.
gmake[1]: Leaving directory `/home/evalen/public/Fenix/CMakeFiles/CMakeTmp'
gmake: warning:  Clock skew detected.  Your build may be incomplete.


    Feature record: CXX_FEATURE:1cxx_aggregate_default_initializers
    Feature record: CXX_FEATURE:1cxx_alias_templates
    Feature record: CXX_FEATURE:1cxx_alignas
    Feature record: CXX_FEATURE:1cxx_alignof
    Feature record: CXX_FEATURE:1cxx_attributes
    Feature record: CXX_FEATURE:1cxx_attribute_deprecated
    Feature record: CXX_FEATURE:1cxx_auto_type
    Feature record: CXX_FEATURE:1cxx_binary_literals
    Feature record: CXX_FEATURE:1cxx_constexpr
    Feature record: CXX_FEATURE:1cxx_contextual_conversions
    Feature record: CXX_FEATURE:1cxx_decltype
    Feature record: CXX_FEATURE:1cxx_decltype_auto
    Feature record: CXX_FEATURE:1cxx_decltype_incomplete_return_types
    Feature record: CXX_FEATURE:1cxx_default_function_template_args
    Feature record: CXX_FEATURE:1cxx_defaulted_functions
    Feature record: CXX_FEATURE:1cxx_defaulted_move_initializers
    Feature record: CXX_FEATURE:1cxx_delegating_constructors
    Feature record: CXX_FEATURE:1cxx_deleted_functions
    Feature record: CXX_FEATURE:1cxx_digit_separators
    Feature record: CXX_FEATURE:1cxx_enum_forward_declarations
    Feature record: CXX_FEATURE:1cxx_explicit_conversions
    Feature record: CXX_FEATURE:1cxx_extended_friend_declarations
    Feature record: CXX_FEATURE:1cxx_extern_templates
    Feature record: CXX_FEATURE:1cxx_final
    Feature record: CXX_FEATURE:1cxx_func_identifier
    Feature record: CXX_FEATURE:1cxx_generalized_initializers
    Feature record: CXX_FEATURE:1cxx_generic_lambdas
    Feature record: CXX_FEATURE:1cxx_inheriting_constructors
    Feature record: CXX_FEATURE:1cxx_inline_namespaces
    Feature record: CXX_FEATURE:1cxx_lambdas
    Feature record: CXX_FEATURE:1cxx_lambda_init_captures
    Feature record: CXX_FEATURE:1cxx_local_type_template_args
    Feature record: CXX_FEATURE:1cxx_long_long_type
    Feature record: CXX_FEATURE:1cxx_noexcept
    Feature record: CXX_FEATURE:1cxx_nonstatic_member_init
    Feature record: CXX_FEATURE:1cxx_nullptr
    Feature record: CXX_FEATURE:1cxx_override
    Feature record: CXX_FEATURE:1cxx_range_for
    Feature record: CXX_FEATURE:1cxx_raw_string_literals
    Feature record: CXX_FEATURE:1cxx_reference_qualified_functions
    Feature record: CXX_FEATURE:1cxx_relaxed_constexpr
    Feature record: CXX_FEATURE:1cxx_return_type_deduction
    Feature record: CXX_FEATURE:1cxx_right_angle_brackets
    Feature record: CXX_FEATURE:1cxx_rvalue_references
    Feature record: CXX_FEATURE:1cxx_sizeof_member
    Feature record: CXX_FEATURE:1cxx_static_assert
    Feature record: CXX_FEATURE:1cxx_strong_enums
    Feature record: CXX_FEATURE:1cxx_template_template_parameters
    Feature record: CXX_FEATURE:1cxx_thread_local
    Feature record: CXX_FEATURE:1cxx_trailing_return_types
    Feature record: CXX_FEATURE:1cxx_unicode_literals
    Feature record: CXX_FEATURE:1cxx_uniform_initialization
    Feature record: CXX_FEATURE:1cxx_unrestricted_unions
    Feature record: CXX_FEATURE:1cxx_user_literals
    Feature record: CXX_FEATURE:1cxx_variable_templates
    Feature record: CXX_FEATURE:1cxx_variadic_macros
    Feature record: CXX_FEATURE:1cxx_variadic_templates


Detecting CXX [-std=c++11] compiler features compiled with the following output:
Change Dir: /home/evalen/public/Fenix/CMakeFiles/CMakeTmp

Run Build Command:"/usr/bin/gmake" "cmTC_aa196/fast"
gmake: Warning: File `Makefile' has modification time 0.056 s in the future
/usr/bin/gmake -f CMakeFiles/cmTC_aa196.dir/build.make CMakeFiles/cmTC_aa196.dir/build
gmake[1]: Entering directory `/home/evalen/public/Fenix/CMakeFiles/CMakeTmp'
gmake[1]: Warning: File `CMakeFiles/cmTC_aa196.dir/flags.make' has modification time 0.047 s in the future
Building CXX object CMakeFiles/cmTC_aa196.dir/feature_tests.cxx.o
/home/knteran/home-local/mpi-ulfm/bin/mpic++     -std=c++11 -o CMakeFiles/cmTC_aa196.dir/feature_tests.cxx.o -c /home/evalen/public/Fenix/CMakeFiles/feature_tests.cxx
Linking CXX executable cmTC_aa196
/spack/c7.3/base/spack/opt/spack/linux-rhel7-x86_64/gcc-4.8.5/cmake-3.6.1-zhy253bsepzz2fyst5nmlotw3eemciol/bin/cmake -E cmake_link_script CMakeFiles/cmTC_aa196.dir/link.txt --verbose=1
/home/knteran/home-local/mpi-ulfm/bin/mpic++        CMakeFiles/cmTC_aa196.dir/feature_tests.cxx.o  -o cmTC_aa196 -rdynamic 
gmake[1]: warning:  Clock skew detected.  Your build may be incomplete.
gmake[1]: Leaving directory `/home/evalen/public/Fenix/CMakeFiles/CMakeTmp'
gmake: warning:  Clock skew detected.  Your build may be incomplete.


    Feature record: CXX_FEATURE:0cxx_aggregate_default_initializers
    Feature record: CXX_FEATURE:1cxx_alias_templates
    Feature record: CXX_FEATURE:1cxx_alignas
    Feature record: CXX_FEATURE:1cxx_alignof
    Feature record: CXX_FEATURE:1cxx_attributes
    Feature record: CXX_FEATURE:0cxx_attribute_deprecated
    Feature record: CXX_FEATURE:1cxx_auto_type
    Feature record: CXX_FEATURE:0cxx_binary_literals
    Feature record: CXX_FEATURE:1cxx_constexpr
    Feature record: CXX_FEATURE:0cxx_contextual_conversions
    Feature record: CXX_FEATURE:1cxx_decltype
    Feature record: CXX_FEATURE:0cxx_decltype_auto
    Feature record: CXX_FEATURE:1cxx_decltype_incomplete_return_types
    Feature record: CXX_FEATURE:1cxx_default_function_template_args
    Feature record: CXX_FEATURE:1cxx_defaulted_functions
    Feature record: CXX_FEATURE:1cxx_defaulted_move_initializers
    Feature record: CXX_FEATURE:1cxx_delegating_constructors
    Feature record: CXX_FEATURE:1cxx_deleted_functions
    Feature record: CXX_FEATURE:0cxx_digit_separators
    Feature record: CXX_FEATURE:1cxx_enum_forward_declarations
    Feature record: CXX_FEATURE:1cxx_explicit_conversions
    Feature record: CXX_FEATURE:1cxx_extended_friend_declarations
    Feature record: CXX_FEATURE:1cxx_extern_templates
    Feature record: CXX_FEATURE:1cxx_final
    Feature record: CXX_FEATURE:1cxx_func_identifier
    Feature record: CXX_FEATURE:1cxx_generalized_initializers
    Feature record: CXX_FEATURE:0cxx_generic_lambdas
    Feature record: CXX_FEATURE:1cxx_inheriting_constructors
    Feature record: CXX_FEATURE:1cxx_inline_namespaces
    Feature record: CXX_FEATURE:1cxx_lambdas
    Feature record: CXX_FEATURE:0cxx_lambda_init_captures
    Feature record: CXX_FEATURE:1cxx_local_type_template_args
    Feature record: CXX_FEATURE:1cxx_long_long_type
    Feature record: CXX_FEATURE:1cxx_noexcept
    Feature record: CXX_FEATURE:1cxx_nonstatic_member_init
    Feature record: CXX_FEATURE:1cxx_nullptr
    Feature record: CXX_FEATURE:1cxx_override
    Feature record: CXX_FEATURE:1cxx_range_for
    Feature record: CXX_FEATURE:1cxx_raw_string_literals
    Feature record: CXX_FEATURE:1cxx_reference_qualified_functions
    Feature record: CXX_FEATURE:0cxx_relaxed_constexpr
    Feature record: CXX_FEATURE:0cxx_return_type_deduction
    Feature record: CXX_FEATURE:1cxx_right_angle_brackets
    Feature record: CXX_FEATURE:1cxx_rvalue_references
    Feature record: CXX_FEATURE:1cxx_sizeof_member
    Feature record: CXX_FEATURE:1cxx_static_assert
    Feature record: CXX_FEATURE:1cxx_strong_enums
    Feature record: CXX_FEATURE:1cxx_template_template_parameters
    Feature record: CXX_FEATURE:1cxx_thread_local
    Feature record: CXX_FEATURE:1cxx_trailing_return_types
    Feature record: CXX_FEATURE:1cxx_unicode_literals
    Feature record: CXX_FEATURE:1cxx_uniform_initialization
    Feature record: CXX_FEATURE:1cxx_unrestricted_unions
    Feature record: CXX_FEATURE:1cxx_user_literals
    Feature record: CXX_FEATURE:0cxx_variable_templates
    Feature record: CXX_FEATURE:1cxx_variadic_macros
    Feature record: CXX_FEATURE:1cxx_variadic_templates


Detecting CXX [-std=c++98] compiler features compiled with the following output:
Change Dir: /home/evalen/public/Fenix/CMakeFiles/CMakeTmp

Run Build Command:"/usr/bin/gmake" "cmTC_fa5b6/fast"
gmake: Warning: File `Makefile' has modification time 0.06 s in the future
/usr/bin/gmake -f CMakeFiles/cmTC_fa5b6.dir/build.make CMakeFiles/cmTC_fa5b6.dir/build
gmake[1]: Entering directory `/home/evalen/public/Fenix/CMakeFiles/CMakeTmp'
gmake[1]: Warning: File `CMakeFiles/cmTC_fa5b6.dir/flags.make' has modification time 0.051 s in the future
Building CXX object CMakeFiles/cmTC_fa5b6.dir/feature_tests.cxx.o
/home/knteran/home-local/mpi-ulfm/bin/mpic++     -std=c++98 -o CMakeFiles/cmTC_fa5b6.dir/feature_tests.cxx.o -c /home/evalen/public/Fenix/CMakeFiles/feature_tests.cxx
Linking CXX executable cmTC_fa5b6
/spack/c7.3/base/spack/opt/spack/linux-rhel7-x86_64/gcc-4.8.5/cmake-3.6.1-zhy253bsepzz2fyst5nmlotw3eemciol/bin/cmake -E cmake_link_script CMakeFiles/cmTC_fa5b6.dir/link.txt --verbose=1
/home/knteran/home-local/mpi-ulfm/bin/mpic++        CMakeFiles/cmTC_fa5b6.dir/feature_tests.cxx.o  -o cmTC_fa5b6 -rdynamic 
gmake[1]: warning:  Clock skew detected.  Your build may be incomplete.
gmake[1]: Leaving directory `/home/evalen/public/Fenix/CMakeFiles/CMakeTmp'
gmake: warning:  Clock skew detected.  Your build may be incomplete.


    Feature record: CXX_FEATURE:0cxx_aggregate_default_initializers
    Feature record: CXX_FEATURE:0cxx_alias_templates
    Feature record: CXX_FEATURE:0cxx_alignas
    Feature record: CXX_FEATURE:0cxx_alignof
    Feature record: CXX_FEATURE:0cxx_attributes
    Feature record: CXX_FEATURE:0cxx_attribute_deprecated
    Feature record: CXX_FEATURE:0cxx_auto_type
    Feature record: CXX_FEATURE:0cxx_binary_literals
    Feature record: CXX_FEATURE:0cxx_constexpr
    Feature record: CXX_FEATURE:0cxx_contextual_conversions
    Feature record: CXX_FEATURE:0cxx_decltype
    Feature record: CXX_FEATURE:0cxx_decltype_auto
    Feature record: CXX_FEATURE:0cxx_decltype_incomplete_return_types
    Feature record: CXX_FEATURE:0cxx_default_function_template_args
    Feature record: CXX_FEATURE:0cxx_defaulted_functions
    Feature record: CXX_FEATURE:0cxx_defaulted_move_initializers
    Feature record: CXX_FEATURE:0cxx_delegating_constructors
    Feature record: CXX_FEATURE:0cxx_deleted_functions
    Feature record: CXX_FEATURE:0cxx_digit_separators
    Feature record: CXX_FEATURE:0cxx_enum_forward_declarations
    Feature record: CXX_FEATURE:0cxx_explicit_conversions
    Feature record: CXX_FEATURE:0cxx_extended_friend_declarations
    Feature record: CXX_FEATURE:0cxx_extern_templates
    Feature record: CXX_FEATURE:0cxx_final
    Feature record: CXX_FEATURE:0cxx_func_identifier
    Feature record: CXX_FEATURE:0cxx_generalized_initializers
    Feature record: CXX_FEATURE:0cxx_generic_lambdas
    Feature record: CXX_FEATURE:0cxx_inheriting_constructors
    Feature record: CXX_FEATURE:0cxx_inline_namespaces
    Feature record: CXX_FEATURE:0cxx_lambdas
    Feature record: CXX_FEATURE:0cxx_lambda_init_captures
    Feature record: CXX_FEATURE:0cxx_local_type_template_args
    Feature record: CXX_FEATURE:0cxx_long_long_type
    Feature record: CXX_FEATURE:0cxx_noexcept
    Feature record: CXX_FEATURE:0cxx_nonstatic_member_init
    Feature record: CXX_FEATURE:0cxx_nullptr
    Feature record: CXX_FEATURE:0cxx_override
    Feature record: CXX_FEATURE:0cxx_range_for
    Feature record: CXX_FEATURE:0cxx_raw_string_literals
    Feature record: CXX_FEATURE:0cxx_reference_qualified_functions
    Feature record: CXX_FEATURE:0cxx_relaxed_constexpr
    Feature record: CXX_FEATURE:0cxx_return_type_deduction
    Feature record: CXX_FEATURE:0cxx_right_angle_brackets
    Feature record: CXX_FEATURE:0cxx_rvalue_references
    Feature record: CXX_FEATURE:0cxx_sizeof_member
    Feature record: CXX_FEATURE:0cxx_static_assert
    Feature record: CXX_FEATURE:0cxx_strong_enums
    Feature record: CXX_FEATURE:1cxx_template_template_parameters
    Feature record: CXX_FEATURE:0cxx_thread_local
    Feature record: CXX_FEATURE:0cxx_trailing_return_types
    Feature record: CXX_FEATURE:0cxx_unicode_literals
    Feature record: CXX_FEATURE:0cxx_uniform_initialization
    Feature record: CXX_FEATURE:0cxx_unrestricted_unions
    Feature record: CXX_FEATURE:0cxx_user_literals
    Feature record: CXX_FEATURE:0cxx_variable_templates
    Feature record: CXX_FEATURE:0cxx_variadic_macros
    Feature record: CXX_FEATURE:0cxx_variadic_templates
